#
# There is insufficient memory for the Java Runtime Environment to continue.
# Native memory allocation (malloc) failed to allocate 687616 bytes for Chunk::new
# Possible reasons:
#   The system is out of physical RAM or swap space
#   The process is running with CompressedOops enabled, and the Java Heap may be blocking the growth of the native heap
# Possible solutions:
#   Reduce memory load on the system
#   Increase physical memory or swap space
#   Check if swap backing store is full
#   Decrease Java heap size (-Xmx/-Xms)
#   Decrease number of Java threads
#   Decrease Java thread stack sizes (-Xss)
#   Set larger code cache with -XX:ReservedCodeCacheSize=
#   JVM is running with Zero Based Compressed Oops mode in which the Java heap is
#     placed in the first 32GB address space. The Java Heap base address is the
#     maximum limit for the native heap growth. Please use -XX:HeapBaseMinAddress
#     to set the Java Heap base and to place the Java Heap above 32GB virtual address.
# This output file may be truncated or incomplete.
#
#  Out of Memory Error (allocation.cpp:389), pid=15608, tid=0x0000000000003a28
#
# JRE version: Java(TM) SE Runtime Environment (8.0_481) (build 1.8.0_481-b10)
# Java VM: Java HotSpot(TM) 64-Bit Server VM (25.481-b10 mixed mode windows-amd64 compressed oops)
# Failed to write core dump. Minidumps are not enabled by default on client versions of Windows
#

---------------  T H R E A D  ---------------

Current thread (0x000001ad80e01800):  JavaThread "C2 CompilerThread0" daemon [_thread_in_native, id=14888, stack(0x0000005547000000,0x0000005547100000)]

Stack: [0x0000005547000000,0x0000005547100000]
Native frames: (J=compiled Java code, j=interpreted, Vv=VM code, C=native code)
V  [jvm.dll+0x34bcb9]
V  [jvm.dll+0x289062]
V  [jvm.dll+0x289c30]
V  [jvm.dll+0x27dc55]
V  [jvm.dll+0xd948c]
V  [jvm.dll+0xd9e1c]
V  [jvm.dll+0x475652]
V  [jvm.dll+0x4b5b67]
V  [jvm.dll+0x4638cf]
V  [jvm.dll+0x460f59]
V  [jvm.dll+0x44ad2c]
V  [jvm.dll+0xae905]
V  [jvm.dll+0xad01f]
V  [jvm.dll+0x24e509]
V  [jvm.dll+0x2a5bcc]
C  [ucrtbase.dll+0x29333]
C  [KERNEL32.DLL+0x1259d]
C  [ntdll.dll+0x5af78]


Current CompileTask:
C2:  68833 17694       4       org.jetbrains.org.objectweb.asm.ClassReader::readMethod (1061 bytes)


---------------  P R O C E S S  ---------------

Java Threads: ( => current thread )
  0x000001ad84809800 JavaThread "Cache worker for kotlin-dsl (C:\Users\user\.gradle\caches\8.3\kotlin-dsl)" [_thread_blocked, id=10088, stack(0x0000005549300000,0x0000005549400000)]
  0x000001ad8480b000 JavaThread "jar transforms Thread 8" [_thread_blocked, id=7640, stack(0x0000005549200000,0x0000005549300000)]
  0x000001ad84806800 JavaThread "jar transforms Thread 7" [_thread_blocked, id=18932, stack(0x0000005549100000,0x0000005549200000)]
  0x000001ad8480a000 JavaThread "jar transforms Thread 6" [_thread_blocked, id=15224, stack(0x0000005549000000,0x0000005549100000)]
  0x000001ad84805800 JavaThread "jar transforms Thread 5" [_thread_blocked, id=14896, stack(0x0000005548f00000,0x0000005549000000)]
  0x000001ad84805000 JavaThread "jar transforms Thread 4" [_thread_blocked, id=16788, stack(0x0000005548e00000,0x0000005548f00000)]
  0x000001ad84803800 JavaThread "Cache worker for execution history cache (C:\Users\user\.gradle\caches\8.3\executionHistory)" [_thread_blocked, id=14092, stack(0x0000005548d00000,0x0000005548e00000)]
  0x000001ad84800800 JavaThread "Cache worker for cache directory md-rule (C:\Users\user\.gradle\caches\8.3\md-rule)" [_thread_blocked, id=13708, stack(0x0000005548c00000,0x0000005548d00000)]
  0x000001ad84802800 JavaThread "Cache worker for file content cache (C:\Users\user\.gradle\caches\8.3\fileContent)" [_thread_blocked, id=1412, stack(0x0000005548b00000,0x0000005548c00000)]
  0x000001ad847ff800 JavaThread "Cache worker for cache directory md-supplier (C:\Users\user\.gradle\caches\8.3\md-supplier)" [_thread_blocked, id=13332, stack(0x0000005548a00000,0x0000005548b00000)]
  0x000001ad847fe000 JavaThread "Cache worker for file hash cache (C:\Users\user\OneDrive\Desktop\FYP PROJECT\cafeteria_app\android\.gradle\8.3\fileHashes)" [_thread_blocked, id=20236, stack(0x0000005548900000,0x0000005548a00000)]
  0x000001ad84802000 JavaThread "Cache worker for checksums cache (C:\Users\user\OneDrive\Desktop\FYP PROJECT\cafeteria_app\android\.gradle\8.3\checksums)" [_thread_blocked, id=6964, stack(0x0000005548800000,0x0000005548900000)]
  0x000001ad8239e000 JavaThread "jar transforms Thread 3" [_thread_blocked, id=296, stack(0x0000005548700000,0x0000005548800000)]
  0x000001ad8239d800 JavaThread "jar transforms Thread 2" [_thread_blocked, id=20208, stack(0x0000005548600000,0x0000005548700000)]
  0x000001ad823a0800 JavaThread "jar transforms" [_thread_blocked, id=696, stack(0x0000005548500000,0x0000005548600000)]
  0x000001ad8239c800 JavaThread "File watcher consumer" daemon [_thread_blocked, id=18860, stack(0x0000005548400000,0x0000005548500000)]
  0x000001ad823a2000 JavaThread "File watcher server" daemon [_thread_in_native, id=17956, stack(0x0000005548300000,0x0000005548400000)]
  0x000001ad8239f800 JavaThread "Cache worker for file hash cache (C:\Users\user\.gradle\caches\8.3\fileHashes)" [_thread_blocked, id=16780, stack(0x0000005548200000,0x0000005548300000)]
  0x000001ad8239b000 JavaThread "File lock request listener" [_thread_in_native, id=12312, stack(0x0000005548100000,0x0000005548200000)]
  0x000001ad823a1000 JavaThread "Cache worker for journal cache (C:\Users\user\.gradle\caches\journal-1)" [_thread_blocked, id=4248, stack(0x0000005548000000,0x0000005548100000)]
  0x000001ad82cb8000 JavaThread "Daemon client event forwarder" [_thread_blocked, id=9088, stack(0x0000005547f00000,0x0000005548000000)]
  0x000001ad82cb6800 JavaThread "Asynchronous log dispatcher for DefaultDaemonConnection: socket connection from /127.0.0.1:10792 to /127.0.0.1:10793" [_thread_blocked, id=3104, stack(0x0000005547d00000,0x0000005547e00000)]
  0x000001ad82cab000 JavaThread "Daemon worker" [_thread_blocked, id=12596, stack(0x0000005547c00000,0x0000005547d00000)]
  0x000001ad82caa000 JavaThread "Cancel handler" [_thread_blocked, id=8548, stack(0x0000005547b00000,0x0000005547c00000)]
  0x000001ad82c13800 JavaThread "Handler for socket connection from /127.0.0.1:10792 to /127.0.0.1:10793" [_thread_in_native, id=2080, stack(0x0000005547a00000,0x0000005547b00000)]
  0x000001ad82c12800 JavaThread "Daemon" [_thread_blocked, id=7060, stack(0x0000005547900000,0x0000005547a00000)]
  0x000001ad82c03800 JavaThread "Daemon periodic checks" [_thread_blocked, id=15284, stack(0x0000005547800000,0x0000005547900000)]
  0x000001ad82bd2800 JavaThread "Incoming local TCP Connector on port 10792" [_thread_in_native, id=12064, stack(0x0000005547700000,0x0000005547800000)]
  0x000001ad8285b800 JavaThread "Daemon health stats" [_thread_blocked, id=15136, stack(0x0000005547600000,0x0000005547700000)]
  0x000001ad80e3d000 JavaThread "Service Thread" daemon [_thread_blocked, id=6956, stack(0x0000005547400000,0x0000005547500000)]
  0x000001ad80e30800 JavaThread "C1 CompilerThread3" daemon [_thread_blocked, id=7464, stack(0x0000005547300000,0x0000005547400000)]
  0x000001ad80e2c800 JavaThread "C2 CompilerThread2" daemon [_thread_blocked, id=15604, stack(0x0000005547200000,0x0000005547300000)]
  0x000001ad80e2b800 JavaThread "C2 CompilerThread1" daemon [_thread_blocked, id=7384, stack(0x0000005547100000,0x0000005547200000)]
=>0x000001ad80e01800 JavaThread "C2 CompilerThread0" daemon [_thread_in_native, id=14888, stack(0x0000005547000000,0x0000005547100000)]
  0x000001adfef09800 JavaThread "Attach Listener" daemon [_thread_blocked, id=12296, stack(0x0000005546f00000,0x0000005547000000)]
  0x000001adfef08800 JavaThread "Signal Dispatcher" daemon [_thread_blocked, id=11164, stack(0x0000005546e00000,0x0000005546f00000)]
  0x000001adfeeec000 JavaThread "Finalizer" daemon [_thread_blocked, id=10864, stack(0x0000005546d00000,0x0000005546e00000)]
  0x000001adfeec4000 JavaThread "Reference Handler" daemon [_thread_blocked, id=1232, stack(0x0000005546c00000,0x0000005546d00000)]
  0x000001ade41df000 JavaThread "main" [_thread_blocked, id=13364, stack(0x0000005546200000,0x0000005546300000)]

Other Threads:
  0x000001adfeeb8800 VMThread [stack: 0x0000005546b00000,0x0000005546c00000] [id=16400]
  0x000001ad80ee6800 WatcherThread [stack: 0x0000005547500000,0x0000005547600000] [id=8056]

VM state:at safepoint (normal execution)

VM Mutex/Monitor currently owned by a thread:  ([mutex/lock_event])
[0x000001ade41dbe90] Threads_lock - owner thread: 0x000001adfeeb8800
[0x000001ade41dc910] Heap_lock - owner thread: 0x000001ad82cab000

heap address: 0x00000006c0000000, size: 4096 MB, Compressed Oops mode: Zero based, Oop shift amount: 3
Narrow klass base: 0x0000000000000000, Narrow klass shift: 3
Compressed class space size: 1073741824 Address: 0x00000007c0000000

Heap:
 PSYoungGen      total 1342976K, used 38195K [0x000000076ab00000, 0x00000007c0000000, 0x00000007c0000000)
  eden space 1304576K, 0% used [0x000000076ab00000,0x000000076ab00000,0x00000007ba500000)
  from space 38400K, 99% used [0x00000007ba500000,0x00000007bca4cc98,0x00000007bca80000)
  to   space 50688K, 0% used [0x00000007bce80000,0x00000007bce80000,0x00000007c0000000)
 ParOldGen       total 144384K, used 93915K [0x00000006c0000000, 0x00000006c8d00000, 0x000000076ab00000)
  object space 144384K, 65% used [0x00000006c0000000,0x00000006c5bb6fe0,0x00000006c8d00000)
 Metaspace       used 104577K, capacity 108178K, committed 108760K, reserved 1148928K
  class space    used 12952K, capacity 13692K, committed 13824K, reserved 1048576K

Card table byte_map: [0x000001adf4ed0000,0x000001adf56e0000] byte_map_base: 0x000001adf18d0000

Marking Bits: (ParMarkBitMap*) 0x00007ff9f989a3e0
 Begin Bits: [0x000001adf5c40000, 0x000001adf9c40000)
 End Bits:   [0x000001adf9c40000, 0x000001adfdc40000)

Polling page: 0x000001ade5ae0000

CodeCache: size=245760Kb used=61610Kb max_used=61626Kb free=184149Kb
 bounds [0x000001ade5b10000, 0x000001ade9780000, 0x000001adf4b10000]
 total_blobs=15603 nmethods=14596 adapters=914
 compilation: enabled

Compilation events (10 events):
Event: 68.732 Thread 0x000001ad80e30800 17700       3       kotlin.sequences.DropSequence$iterator$1::next (14 bytes)
Event: 68.733 Thread 0x000001ad80e30800 nmethod 17700 0x000001ade9766190 code [0x000001ade9766300, 0x000001ade9766560]
Event: 68.733 Thread 0x000001ad80e30800 17706       1       org.jetbrains.kotlin.codegen.inline.FileMapping::getName (5 bytes)
Event: 68.733 Thread 0x000001ad80e30800 nmethod 17706 0x000001ade9765ed0 code [0x000001ade9766020, 0x000001ade9766138]
Event: 68.733 Thread 0x000001ad80e30800 17707       1       org.jetbrains.kotlin.codegen.inline.FileMapping::getPath (5 bytes)
Event: 68.733 Thread 0x000001ad80e30800 nmethod 17707 0x000001ade9765c10 code [0x000001ade9765d60, 0x000001ade9765e78]
Event: 68.733 Thread 0x000001ad80e30800 17711       3       kotlin.sequences.DropSequence$iterator$1::hasNext (14 bytes)
Event: 68.733 Thread 0x000001ad80e30800 nmethod 17711 0x000001ade9768cd0 code [0x000001ade9768e40, 0x000001ade97690a0]
Event: 68.740 Thread 0x000001ad80e2c800 nmethod 17571 0x000001ade976f690 code [0x000001ade976fac0, 0x000001ade9773288]
Event: 68.762 Thread 0x000001ad80e2b800 nmethod 17704 0x000001ade977d010 code [0x000001ade977d1c0, 0x000001ade977e6d8]

GC Heap History (10 events):
Event: 46.923 GC heap after
Heap after GC invocations=36 (full 3):
 PSYoungGen      total 1369600K, used 0K [0x000000076ab00000, 0x00000007c0000000, 0x00000007c0000000)
  eden space 1348608K, 0% used [0x000000076ab00000,0x000000076ab00000,0x00000007bd000000)
  from space 20992K, 0% used [0x00000007bd000000,0x00000007bd000000,0x00000007be480000)
  to   space 27136K, 0% used [0x00000007be580000,0x00000007be580000,0x00000007c0000000)
 ParOldGen       total 144384K, used 61615K [0x00000006c0000000, 0x00000006c8d00000, 0x000000076ab00000)
  object space 144384K, 42% used [0x00000006c0000000,0x00000006c3c2bf20,0x00000006c8d00000)
 Metaspace       used 48164K, capacity 51044K, committed 51968K, reserved 1093632K
  class space    used 6604K, capacity 7175K, committed 7424K, reserved 1048576K
}
Event: 48.970 GC heap before
{Heap before GC invocations=37 (full 3):
 PSYoungGen      total 1369600K, used 1348608K [0x000000076ab00000, 0x00000007c0000000, 0x00000007c0000000)
  eden space 1348608K, 100% used [0x000000076ab00000,0x00000007bd000000,0x00000007bd000000)
  from space 20992K, 0% used [0x00000007bd000000,0x00000007bd000000,0x00000007be480000)
  to   space 27136K, 0% used [0x00000007be580000,0x00000007be580000,0x00000007c0000000)
 ParOldGen       total 144384K, used 61615K [0x00000006c0000000, 0x00000006c8d00000, 0x000000076ab00000)
  object space 144384K, 42% used [0x00000006c0000000,0x00000006c3c2bf20,0x00000006c8d00000)
 Metaspace       used 48164K, capacity 51044K, committed 51968K, reserved 1093632K
  class space    used 6604K, capacity 7175K, committed 7424K, reserved 1048576K
Event: 48.981 GC heap after
Heap after GC invocations=37 (full 3):
 PSYoungGen      total 1369600K, used 17114K [0x000000076ab00000, 0x00000007c0000000, 0x00000007c0000000)
  eden space 1342464K, 0% used [0x000000076ab00000,0x000000076ab00000,0x00000007bca00000)
  from space 27136K, 63% used [0x00000007be580000,0x00000007bf636890,0x00000007c0000000)
  to   space 27648K, 0% used [0x00000007bca00000,0x00000007bca00000,0x00000007be500000)
 ParOldGen       total 144384K, used 61615K [0x00000006c0000000, 0x00000006c8d00000, 0x000000076ab00000)
  object space 144384K, 42% used [0x00000006c0000000,0x00000006c3c2bf20,0x00000006c8d00000)
 Metaspace       used 48164K, capacity 51044K, committed 51968K, reserved 1093632K
  class space    used 6604K, capacity 7175K, committed 7424K, reserved 1048576K
}
Event: 55.527 GC heap before
{Heap before GC invocations=38 (full 3):
 PSYoungGen      total 1369600K, used 1359578K [0x000000076ab00000, 0x00000007c0000000, 0x00000007c0000000)
  eden space 1342464K, 100% used [0x000000076ab00000,0x00000007bca00000,0x00000007bca00000)
  from space 27136K, 63% used [0x00000007be580000,0x00000007bf636890,0x00000007c0000000)
  to   space 27648K, 0% used [0x00000007bca00000,0x00000007bca00000,0x00000007be500000)
 ParOldGen       total 144384K, used 61615K [0x00000006c0000000, 0x00000006c8d00000, 0x000000076ab00000)
  object space 144384K, 42% used [0x00000006c0000000,0x00000006c3c2bf20,0x00000006c8d00000)
 Metaspace       used 70252K, capacity 73362K, committed 73728K, reserved 1112064K
  class space    used 9526K, capacity 10156K, committed 10240K, reserved 1048576K
Event: 55.600 GC heap after
Heap after GC invocations=38 (full 3):
 PSYoungGen      total 1370112K, used 27618K [0x000000076ab00000, 0x00000007c0000000, 0x00000007c0000000)
  eden space 1342464K, 0% used [0x000000076ab00000,0x000000076ab00000,0x00000007bca00000)
  from space 27648K, 99% used [0x00000007bca00000,0x00000007be4f8a18,0x00000007be500000)
  to   space 27648K, 0% used [0x00000007be500000,0x00000007be500000,0x00000007c0000000)
 ParOldGen       total 144384K, used 100715K [0x00000006c0000000, 0x00000006c8d00000, 0x000000076ab00000)
  object space 144384K, 69% used [0x00000006c0000000,0x00000006c625aea8,0x00000006c8d00000)
 Metaspace       used 70252K, capacity 73362K, committed 73728K, reserved 1112064K
  class space    used 9526K, capacity 10156K, committed 10240K, reserved 1048576K
}
Event: 59.844 GC heap before
{Heap before GC invocations=39 (full 3):
 PSYoungGen      total 1370112K, used 349480K [0x000000076ab00000, 0x00000007c0000000, 0x00000007c0000000)
  eden space 1342464K, 23% used [0x000000076ab00000,0x000000077e551800,0x00000007bca00000)
  from space 27648K, 99% used [0x00000007bca00000,0x00000007be4f8a18,0x00000007be500000)
  to   space 27648K, 0% used [0x00000007be500000,0x00000007be500000,0x00000007c0000000)
 ParOldGen       total 144384K, used 100715K [0x00000006c0000000, 0x00000006c8d00000, 0x000000076ab00000)
  object space 144384K, 69% used [0x00000006c0000000,0x00000006c625aea8,0x00000006c8d00000)
 Metaspace       used 82875K, capacity 86292K, committed 86616K, reserved 1124352K
  class space    used 10868K, capacity 11565K, committed 11648K, reserved 1048576K
Event: 59.885 GC heap after
Heap after GC invocations=39 (full 3):
 PSYoungGen      total 1332224K, used 25889K [0x000000076ab00000, 0x00000007c0000000, 0x00000007c0000000)
  eden space 1304576K, 0% used [0x000000076ab00000,0x000000076ab00000,0x00000007ba500000)
  from space 27648K, 93% used [0x00000007be500000,0x00000007bfe48668,0x00000007c0000000)
  to   space 46592K, 0% used [0x00000007ba500000,0x00000007ba500000,0x00000007bd280000)
 ParOldGen       total 144384K, used 127944K [0x00000006c0000000, 0x00000006c8d00000, 0x000000076ab00000)
  object space 144384K, 88% used [0x00000006c0000000,0x00000006c7cf2220,0x00000006c8d00000)
 Metaspace       used 82875K, capacity 86292K, committed 86616K, reserved 1124352K
  class space    used 10868K, capacity 11565K, committed 11648K, reserved 1048576K
}
Event: 59.885 GC heap before
{Heap before GC invocations=40 (full 4):
 PSYoungGen      total 1332224K, used 25889K [0x000000076ab00000, 0x00000007c0000000, 0x00000007c0000000)
  eden space 1304576K, 0% used [0x000000076ab00000,0x000000076ab00000,0x00000007ba500000)
  from space 27648K, 93% used [0x00000007be500000,0x00000007bfe48668,0x00000007c0000000)
  to   space 46592K, 0% used [0x00000007ba500000,0x00000007ba500000,0x00000007bd280000)
 ParOldGen       total 144384K, used 127944K [0x00000006c0000000, 0x00000006c8d00000, 0x000000076ab00000)
  object space 144384K, 88% used [0x00000006c0000000,0x00000006c7cf2220,0x00000006c8d00000)
 Metaspace       used 82875K, capacity 86292K, committed 86616K, reserved 1124352K
  class space    used 10868K, capacity 11565K, committed 11648K, reserved 1048576K
Event: 60.125 GC heap after
Heap after GC invocations=40 (full 4):
 PSYoungGen      total 1332224K, used 0K [0x000000076ab00000, 0x00000007c0000000, 0x00000007c0000000)
  eden space 1304576K, 0% used [0x000000076ab00000,0x000000076ab00000,0x00000007ba500000)
  from space 27648K, 0% used [0x00000007be500000,0x00000007be500000,0x00000007c0000000)
  to   space 46592K, 0% used [0x00000007ba500000,0x00000007ba500000,0x00000007bd280000)
 ParOldGen       total 144384K, used 93907K [0x00000006c0000000, 0x00000006c8d00000, 0x000000076ab00000)
  object space 144384K, 65% used [0x00000006c0000000,0x00000006c5bb4fe0,0x00000006c8d00000)
 Metaspace       used 82875K, capacity 86292K, committed 86616K, reserved 1124352K
  class space    used 10868K, capacity 11565K, committed 11648K, reserved 1048576K
}
Event: 68.769 GC heap before
{Heap before GC invocations=41 (full 4):
 PSYoungGen      total 1332224K, used 455857K [0x000000076ab00000, 0x00000007c0000000, 0x00000007c0000000)
  eden space 1304576K, 34% used [0x000000076ab00000,0x000000078682c608,0x00000007ba500000)
  from space 27648K, 0% used [0x00000007be500000,0x00000007be500000,0x00000007c0000000)
  to   space 46592K, 0% used [0x00000007ba500000,0x00000007ba500000,0x00000007bd280000)
 ParOldGen       total 144384K, used 93907K [0x00000006c0000000, 0x00000006c8d00000, 0x000000076ab00000)
  object space 144384K, 65% used [0x00000006c0000000,0x00000006c5bb4fe0,0x00000006c8d00000)
 Metaspace       used 104577K, capacity 108178K, committed 108760K, reserved 1148928K
  class space    used 12952K, capacity 13692K, committed 13824K, reserved 1048576K

Deoptimization events (10 events):
Event: 68.622 Thread 0x000001ad82cab000 Uncommon trap: reason=bimorphic action=maybe_recompile pc=0x000001ade7a08910 method=gnu.trove.THash.postInsertHook(Z)V @ 60
Event: 68.622 Thread 0x000001ad82cab000 Uncommon trap: reason=bimorphic action=maybe_recompile pc=0x000001ade7a08910 method=gnu.trove.THash.postInsertHook(Z)V @ 60
Event: 68.658 Thread 0x000001ad82cab000 Uncommon trap: reason=bimorphic action=maybe_recompile pc=0x000001ade7a08910 method=gnu.trove.THash.postInsertHook(Z)V @ 60
Event: 68.658 Thread 0x000001ad82cab000 Uncommon trap: reason=bimorphic action=maybe_recompile pc=0x000001ade7a08910 method=gnu.trove.THash.postInsertHook(Z)V @ 60
Event: 68.686 Thread 0x000001ad82cab000 Uncommon trap: reason=unstable_if action=reinterpret pc=0x000001ade96e14dc method=kotlin.text.StringsKt__StringsKt.substringAfter(Ljava/lang/String;Ljava/lang/String;Ljava/lang/String;)Ljava/lang/String; @ 36
Event: 68.686 Thread 0x000001ad82cab000 Uncommon trap: reason=unstable_if action=reinterpret pc=0x000001ade9706bac method=org.jetbrains.kotlin.builtins.jvm.JavaToKotlinClassMap.isKotlinFunctionWithBigArity(Lorg/jetbrains/kotlin/name/FqNameUnsafe;Ljava/lang/String;)Z @ 26
Event: 68.696 Thread 0x000001ad82cab000 Uncommon trap: reason=unstable_if action=reinterpret pc=0x000001ade85fc724 method=org.jetbrains.kotlin.descriptors.impl.ModuleAwareClassDescriptor$Companion.getRefinedMemberScopeIfPossible$descriptors(Lorg/jetbrains/kotlin/descriptors/ClassDescriptor;Lorg
Event: 68.708 Thread 0x000001ad82cab000 Uncommon trap: reason=class_check action=maybe_recompile pc=0x000001ade92a18d0 method=org.jetbrains.kotlin.utils.ThreadLocalDelegate.getValue(Ljava/lang/Object;Lkotlin/reflect/KProperty;)Ljava/lang/Object; @ 42
Event: 68.724 Thread 0x000001ad82cab000 Uncommon trap: reason=class_check action=maybe_recompile pc=0x000001ade8e0b7fc method=kotlin.sequences.DropWhileSequence$iterator$1.drop()V @ 4
Event: 68.727 Thread 0x000001ad82cab000 Uncommon trap: reason=class_check action=maybe_recompile pc=0x000001ade8e0b7fc method=kotlin.sequences.DropWhileSequence$iterator$1.drop()V @ 4

Classes redefined (0 events):
No events

Internal exceptions (10 events):
Event: 57.483 Thread 0x000001ad82cab000 Exception <a 'java/lang/NoSuchMethodError': java.lang.Object.lambda$identity$2(I)I> (0x000000077577ff10) thrown at [C:\jenkins\workspace\8-2-build-windows-x64-cygwin-sans-NAS\jdk8u481\2490\hotspot\src\share\vm\interpreter\linkResolver.cpp, line 620]
Event: 57.512 Thread 0x000001ad82cab000 Exception <a 'java/lang/NoSuchMethodError': java.lang.Object.lambda$static$0(I)[Lorg/jetbrains/kotlin/com/intellij/psi/PsiReference;> (0x00000007759879a0) thrown at [C:\jenkins\workspace\8-2-build-windows-x64-cygwin-sans-NAS\jdk8u481\2490\hotspot\src\shar
Event: 57.521 Thread 0x000001ad82cab000 Exception <a 'java/lang/NoSuchMethodError': java.lang.Object.lambda$static$0(I)[Lorg/jetbrains/kotlin/com/intellij/psi/PsiTypeElement;> (0x0000000775a5d310) thrown at [C:\jenkins\workspace\8-2-build-windows-x64-cygwin-sans-NAS\jdk8u481\2490\hotspot\src\sh
Event: 57.536 Thread 0x000001ad82cab000 Exception <a 'java/lang/NoSuchMethodError': java.lang.Object.lambda$static$0(I)[Lorg/jetbrains/kotlin/com/intellij/psi/PsiTypeParameter;> (0x0000000775b80d60) thrown at [C:\jenkins\workspace\8-2-build-windows-x64-cygwin-sans-NAS\jdk8u481\2490\hotspot\src\
Event: 58.871 Thread 0x000001ad82cab000 Implicit null exception at 0x000001ade7c99330 to 0x000001ade7c99395
Event: 58.931 Thread 0x000001ad82cab000 Implicit null exception at 0x000001ade7a8f015 to 0x000001ade7a8f1ed
Event: 59.015 Thread 0x000001ad82cab000 Implicit null exception at 0x000001ade793af53 to 0x000001ade793b2e9
Event: 59.015 Thread 0x000001ad82cab000 Implicit null exception at 0x000001ade6fc976f to 0x000001ade6fc97ad
Event: 59.813 Thread 0x000001ad82cab000 Implicit null exception at 0x000001ade7e82757 to 0x000001ade7e82ab2
Event: 60.823 Thread 0x000001ad82cab000 Implicit null exception at 0x000001ade812e5cc to 0x000001ade812ebed

Events (10 events):
Event: 68.759 loading class org/jetbrains/kotlin/ir/util/VariableNameData done
Event: 68.759 loading class org/jetbrains/kotlin/ir/util/RenderIrElementVisitor$BoundSymbolReferenceRenderer
Event: 68.759 loading class org/jetbrains/kotlin/ir/util/RenderIrElementVisitor$BoundSymbolReferenceRenderer done
Event: 68.763 loading class org/jetbrains/kotlin/ir/types/IrDynamicType
Event: 68.763 loading class org/jetbrains/kotlin/ir/types/IrDynamicType done
Event: 68.764 loading class org/jetbrains/kotlin/ir/util/RenderIrElementKt$renderTypeInner$2$1
Event: 68.764 loading class org/jetbrains/kotlin/ir/util/RenderIrElementKt$renderTypeInner$2$1 done
Event: 68.766 loading class org/jetbrains/kotlin/codegen/ExpressionCodegen
Event: 68.766 loading class org/jetbrains/kotlin/codegen/ExpressionCodegen done
Event: 68.768 Executing VM operation: CollectForMetadataAllocation


Dynamic libraries:
0x00007ff6b8710000 - 0x00007ff6b875f000 	C:\Program Files\Java\jre1.8.0_481\bin\java.exe
0x00007ffa7b770000 - 0x00007ffa7b988000 	C:\Windows\SYSTEM32\ntdll.dll
0x00007ffa79a80000 - 0x00007ffa79b44000 	C:\Windows\System32\KERNEL32.DLL
0x00007ffa79030000 - 0x00007ffa79403000 	C:\Windows\System32\KERNELBASE.dll
0x00007ffa7b200000 - 0x00007ffa7b2b1000 	C:\Windows\System32\ADVAPI32.dll
0x00007ffa79b50000 - 0x00007ffa79bf7000 	C:\Windows\System32\msvcrt.dll
0x00007ffa7a500000 - 0x00007ffa7a5a8000 	C:\Windows\System32\sechost.dll
0x00007ffa78fd0000 - 0x00007ffa78ff8000 	C:\Windows\System32\bcrypt.dll
0x00007ffa7a670000 - 0x00007ffa7a788000 	C:\Windows\System32\RPCRT4.dll
0x00007ffa79c00000 - 0x00007ffa79db2000 	C:\Windows\System32\USER32.dll
0x00007ffa79000000 - 0x00007ffa79026000 	C:\Windows\System32\win32u.dll
0x00007ffa79dc0000 - 0x00007ffa79de9000 	C:\Windows\System32\GDI32.dll
0x00007ffa78b60000 - 0x00007ffa78c7b000 	C:\Windows\System32\gdi32full.dll
0x00007ffa78ac0000 - 0x00007ffa78b5a000 	C:\Windows\System32\msvcp_win.dll
0x00007ffa78eb0000 - 0x00007ffa78fc1000 	C:\Windows\System32\ucrtbase.dll
0x00007ffa613a0000 - 0x00007ffa6163c000 	C:\Windows\WinSxS\amd64_microsoft.windows.common-controls_6595b64144ccf1df_6.0.22621.6060_none_2712eda17382d24b\COMCTL32.dll
0x00007ffa7b2d0000 - 0x00007ffa7b301000 	C:\Windows\System32\IMM32.DLL
0x00007ffa61700000 - 0x00007ffa6171b000 	C:\Program Files\Java\jre1.8.0_481\bin\vcruntime140.dll
0x00007ffa73f30000 - 0x00007ffa73f3c000 	C:\Program Files\Java\jre1.8.0_481\bin\vcruntime140_1.dll
0x00007ffa27bd0000 - 0x00007ffa27c5e000 	C:\Program Files\Java\jre1.8.0_481\bin\msvcp140.dll
0x00007ff9f90c0000 - 0x00007ff9f996a000 	C:\Program Files\Java\jre1.8.0_481\bin\server\jvm.dll
0x00007ffa7a660000 - 0x00007ffa7a668000 	C:\Windows\System32\PSAPI.DLL
0x00007ffa5b160000 - 0x00007ffa5b169000 	C:\Windows\SYSTEM32\WSOCK32.dll
0x00007ffa732a0000 - 0x00007ffa732d4000 	C:\Windows\SYSTEM32\WINMM.dll
0x00007ffa76210000 - 0x00007ffa7621a000 	C:\Windows\SYSTEM32\VERSION.dll
0x00007ffa7b310000 - 0x00007ffa7b381000 	C:\Windows\System32\WS2_32.dll
0x00007ffa77910000 - 0x00007ffa77928000 	C:\Windows\SYSTEM32\kernel.appcore.dll
0x00007ffa616f0000 - 0x00007ffa61700000 	C:\Program Files\Java\jre1.8.0_481\bin\verify.dll
0x00007ffa616c0000 - 0x00007ffa616eb000 	C:\Program Files\Java\jre1.8.0_481\bin\java.dll
0x00007ffa3ede0000 - 0x00007ffa3ee17000 	C:\Program Files\Java\jre1.8.0_481\bin\instrument.dll
0x00007ffa526f0000 - 0x00007ffa52708000 	C:\Program Files\Java\jre1.8.0_481\bin\zip.dll
0x00007ffa7a7a0000 - 0x00007ffa7b03c000 	C:\Windows\System32\SHELL32.dll
0x00007ffa78980000 - 0x00007ffa78abf000 	C:\Windows\System32\wintypes.dll
0x00007ffa7b390000 - 0x00007ffa7b721000 	C:\Windows\System32\combase.dll
0x00007ffa76740000 - 0x00007ffa7705a000 	C:\Windows\SYSTEM32\windows.storage.dll
0x00007ffa7a240000 - 0x00007ffa7a344000 	C:\Windows\System32\SHCORE.dll
0x00007ffa7a110000 - 0x00007ffa7a179000 	C:\Windows\System32\shlwapi.dll
0x00007ffa787b0000 - 0x00007ffa787d5000 	C:\Windows\SYSTEM32\profapi.dll
0x00007ffa4f600000 - 0x00007ffa4f61c000 	C:\Program Files\Java\jre1.8.0_481\bin\net.dll
0x00007ffa77dd0000 - 0x00007ffa77e39000 	C:\Windows\system32\mswsock.dll
0x00007ffa4f4b0000 - 0x00007ffa4f4c3000 	C:\Program Files\Java\jre1.8.0_481\bin\nio.dll
0x00007ffa4f440000 - 0x00007ffa4f467000 	C:\Users\user\.gradle\native\68d5fa5c4cc2d200863cafc0d521ce42e7d3e7ee720ec0a83991735586a16f82\windows-amd64\native-platform.dll
0x00007ffa04060000 - 0x00007ffa041a4000 	C:\Users\user\.gradle\native\e376f236ea51e6404a007f0833ffe2c6e607c4080706a723a18a27aeea778392\windows-amd64\native-platform-file-events.dll
0x00007ffa616b0000 - 0x00007ffa616bd000 	C:\Program Files\Java\jre1.8.0_481\bin\management.dll
0x00007ffa78120000 - 0x00007ffa7813b000 	C:\Windows\SYSTEM32\CRYPTSP.dll
0x00007ffa77870000 - 0x00007ffa778a7000 	C:\Windows\system32\rsaenh.dll
0x00007ffa77e70000 - 0x00007ffa77e98000 	C:\Windows\SYSTEM32\USERENV.dll
0x00007ffa78880000 - 0x00007ffa788fb000 	C:\Windows\System32\bcryptprimitives.dll
0x00007ffa78100000 - 0x00007ffa7810c000 	C:\Windows\SYSTEM32\CRYPTBASE.dll
0x00007ffa77330000 - 0x00007ffa7735d000 	C:\Windows\SYSTEM32\IPHLPAPI.DLL
0x00007ffa7a1a0000 - 0x00007ffa7a1a9000 	C:\Windows\System32\NSI.dll
0x00007ffa72d40000 - 0x00007ffa72d59000 	C:\Windows\SYSTEM32\dhcpcsvc6.DLL
0x00007ffa72c40000 - 0x00007ffa72c5f000 	C:\Windows\SYSTEM32\dhcpcsvc.DLL
0x00007ffa773a0000 - 0x00007ffa77498000 	C:\Windows\SYSTEM32\DNSAPI.dll
0x00007ffa75df0000 - 0x00007ffa76023000 	C:\Windows\SYSTEM32\dbghelp.dll
0x00007ffa799a0000 - 0x00007ffa79a78000 	C:\Windows\System32\OLEAUT32.dll

VM Arguments:
jvm_args: -XX:MaxMetaspaceSize=2G -XX:+HeapDumpOnOutOfMemoryError -Xmx4G -Dfile.encoding=utf8 -Duser.country=US -Duser.language=en -Duser.variant -javaagent:C:\Users\user\.gradle\wrapper\dists\gradle-8.3-all\6en3ugtfdg5xnpx44z4qbwgas\gradle-8.3\lib\agents\gradle-instrumentation-agent-8.3.jar 
java_command: org.gradle.launcher.daemon.bootstrap.GradleDaemon 8.3
java_class_path (initial): C:\Users\user\.gradle\wrapper\dists\gradle-8.3-all\6en3ugtfdg5xnpx44z4qbwgas\gradle-8.3\lib\gradle-launcher-8.3.jar;C:\Users\user\.gradle\wrapper\dists\gradle-8.3-all\6en3ugtfdg5xnpx44z4qbwgas\gradle-8.3\lib\agents\gradle-instrumentation-agent-8.3.jar
Launcher Type: SUN_STANDARD

Environment Variables:
JAVA_HOME=C:\Program Files\Java\jdk-22
PATH=C:\Program Files (x86)\Common Files\Oracle\Java\java8path;C:\Program Files (x86)\Common Files\Oracle\Java\javapath;C:\Python312\Scripts\;C:\Python312\;C:\Windows\system32;C:\Windows;C:\Windows\System32\Wbem;C:\Windows\System32\WindowsPowerShell\v1.0\;C:\Windows\System32\OpenSSH\;C:\Program Files\Intel\WiFi\bin\;C:\Program Files\Common Files\Intel\WirelessCommon\;C:\Program Files\Java\jdk-22\bin;C:\ProgramData\chocolatey\bin;C:\Users\user\AppData\Roaming\Python\Python312\Scripts;C:\Users\user\AppData\Roaming\nvm;C:\nvm4w\nodejs;C:\Users\user\Downloads\apache-maven-3.9.9-bin\apache-maven-3.9.9\bin;%JAVA_HOME%\bin;C:\Program Files\dotnet\;C:\Program Files\Git\cmd;C:\Users\user\AppData\Local\Android\Sdk\cmdline-tools\latest\bin;C:\Program Files\PostgreSQL\17\bin;C:\Users\user\AppData\Local\Programs\Eclipse Adoptium\jdk-25.0.2.10-hotspot\bin;C:\Users\user\AppData\Local\Microsoft\WindowsApps;C:\Users\user\AppData\Local\Programs\Microsoft VS Code\bin;C:\Users\user\AppData\Local\GitHubDesktop\bin;C:\Users\user\AppData\Roaming\npm;C:\flutter\bin;C:\Flutter\flutter\bin;C:\Users\user\Flutter\flutter\bin;C:\Users\user\AppData\Roaming\nvm;C:\nvm4w\nodejs;C:\Users\user\AppData\Roaming\nvm;C:\Program Files\Java\jdk-22\bin;
USERNAME=user
OS=Windows_NT
PROCESSOR_IDENTIFIER=Intel64 Family 6 Model 142 Stepping 10, GenuineIntel



---------------  S Y S T E M  ---------------

OS: Windows 11 , 64 bit Build 22621 (10.0.22621.5415)

CPU:total 8 (initial active 8) (4 cores per cpu, 2 threads per core) family 6 model 142 stepping 10, cmov, cx8, fxsr, mmx, sse, sse2, sse3, ssse3, sse4.1, sse4.2, popcnt, avx, avx2, aes, clmul, erms, rtm, 3dnowpref, lzcnt, ht, tsc, tscinvbit, bmi1, bmi2, adx

Memory: 4k page, physical 8223704k(335964k free), swap 12908800k(848k free)

vm_info: Java HotSpot(TM) 64-Bit Server VM (25.481-b10) for windows-amd64 JRE (1.8.0_481-b10), built on Dec 18 2025 12:18:00 by "java_re" with MS VC++ 17.6 (VS2022)

time: Wed Apr 29 08:48:53 2026
timezone: E. Africa Standard Time
elapsed time: 68.846582 seconds (0d 0h 1m 8s)

