#
# There is insufficient memory for the Java Runtime Environment to continue.
# Native memory allocation (mmap) failed to map 2097152 bytes. Error detail: G1 virtual space
# Possible reasons:
#   The system is out of physical RAM or swap space
#   This process is running with CompressedOops enabled, and the Java Heap may be blocking the growth of the native heap
# Possible solutions:
#   Reduce memory load on the system
#   Increase physical memory or swap space
#   Check if swap backing store is full
#   Decrease Java heap size (-Xmx/-Xms)
#   Decrease number of Java threads
#   Decrease Java thread stack sizes (-Xss)
#   Set larger code cache with -XX:ReservedCodeCacheSize=
#   JVM is running with Zero Based Compressed Oops mode in which the Java heap is
#     placed in the first 32GB address space. The Java Heap base address is the
#     maximum limit for the native heap growth. Please use -XX:HeapBaseMinAddress
#     to set the Java Heap base and to place the Java Heap above 32GB virtual address.
# This output file may be truncated or incomplete.
#
#  Out of Memory Error (os_windows.cpp:3714), pid=14108, tid=18248
#
# JRE version: OpenJDK Runtime Environment Temurin-21.0.10+7 (21.0.10+7) (build 21.0.10+7-LTS)
# Java VM: OpenJDK 64-Bit Server VM Temurin-21.0.10+7 (21.0.10+7-LTS, mixed mode, sharing, tiered, compressed oops, compressed class ptrs, g1 gc, windows-amd64)
# No core dump will be written. Minidumps are not enabled by default on client versions of Windows
#

---------------  S U M M A R Y ------------

Command Line: -XX:MaxMetaspaceSize=2G -XX:+HeapDumpOnOutOfMemoryError --add-opens=java.base/java.util=ALL-UNNAMED --add-opens=java.base/java.lang=ALL-UNNAMED --add-opens=java.base/java.lang.invoke=ALL-UNNAMED --add-opens=java.prefs/java.util.prefs=ALL-UNNAMED --add-opens=java.base/java.nio.charset=ALL-UNNAMED --add-opens=java.base/java.net=ALL-UNNAMED --add-opens=java.base/java.util.concurrent.atomic=ALL-UNNAMED -Xmx4G -Dfile.encoding=utf8 -Duser.country=US -Duser.language=en -Duser.variant -javaagent:C:\Users\user\.gradle\wrapper\dists\gradle-8.3-all\6en3ugtfdg5xnpx44z4qbwgas\gradle-8.3\lib\agents\gradle-instrumentation-agent-8.3.jar org.gradle.launcher.daemon.bootstrap.GradleDaemon 8.3

Host: Intel(R) Core(TM) i5-8350U CPU @ 1.70GHz, 8 cores, 7G,  Windows 11 , 64 bit Build 22621 (10.0.22621.5415)
Time: Wed Apr 29 08:50:27 2026 E. Africa Standard Time elapsed time: 11.097981 seconds (0d 0h 0m 11s)

---------------  T H R E A D  ---------------

Current thread (0x000002411db8dab0):  WorkerThread "GC Thread#0"    [id=18248, stack(0x0000004541100000,0x0000004541200000) (1024K)]

Stack: [0x0000004541100000,0x0000004541200000]
Native frames: (J=compiled Java code, j=interpreted, Vv=VM code, C=native code)
V  [jvm.dll+0x6d7a39]
V  [jvm.dll+0x8b4b26]
V  [jvm.dll+0x8b70de]
V  [jvm.dll+0x8b77c3]
V  [jvm.dll+0x284346]
V  [jvm.dll+0x6d4355]
V  [jvm.dll+0x6c808a]
V  [jvm.dll+0x35edb8]
V  [jvm.dll+0x3669f6]
V  [jvm.dll+0x3b77ff]
V  [jvm.dll+0x3b7e94]
V  [jvm.dll+0x3b7f5f]
V  [jvm.dll+0x33454c]
V  [jvm.dll+0x3342a5]
V  [jvm.dll+0x322eb6]
V  [jvm.dll+0x323cca]
V  [jvm.dll+0x324135]
V  [jvm.dll+0x323b2d]
V  [jvm.dll+0x360bf6]
V  [jvm.dll+0x360f6a]
V  [jvm.dll+0x362053]
V  [jvm.dll+0x361ccb]
V  [jvm.dll+0x375e09]
V  [jvm.dll+0x3764ba]
V  [jvm.dll+0x3765a7]
V  [jvm.dll+0x37745b]
V  [jvm.dll+0x8e2b41]
V  [jvm.dll+0x85f59d]
V  [jvm.dll+0x6d626d]
C  [ucrtbase.dll+0x29333]
C  [KERNEL32.DLL+0x1259d]
C  [ntdll.dll+0x5af78]


---------------  P R O C E S S  ---------------

Threads class SMR info:
_java_thread_list=0x0000024100694780, length=34, elements={
0x000002411b8b7db0, 0x0000024137a5ea70, 0x0000024137a5f7e0, 0x0000024137a63a30,
0x0000024137a64840, 0x0000024137a65450, 0x0000024137a66060, 0x0000024137a75010,
0x0000024137a787f0, 0x0000024137d089a0, 0x0000024137d69f50, 0x000002417d71d560,
0x000002417dc25270, 0x000002417e616980, 0x000002417e73e7e0, 0x000002417e93e790,
0x000002417d8314d0, 0x000002417ea742c0, 0x000002417ea63de0, 0x000002417ea63750,
0x000002417ea66540, 0x000002417ea64b00, 0x000002417ea65eb0, 0x000002417ea64470,
0x000002417f49c5c0, 0x000002417f499140, 0x000002417f49f3b0, 0x000002417f49cc50,
0x000002417f49ed20, 0x000002417f498420, 0x000002417f49fa40, 0x000002417f4997d0,
0x000002417f49e690, 0x000002417f49b8a0
}

Java Threads: ( => current thread )
  0x000002411b8b7db0 JavaThread "main"                              [_thread_blocked, id=18096, stack(0x0000004541000000,0x0000004541100000) (1024K)]
  0x0000024137a5ea70 JavaThread "Reference Handler"          daemon [_thread_blocked, id=17204, stack(0x0000004541800000,0x0000004541900000) (1024K)]
  0x0000024137a5f7e0 JavaThread "Finalizer"                  daemon [_thread_blocked, id=2316, stack(0x0000004541900000,0x0000004541a00000) (1024K)]
  0x0000024137a63a30 JavaThread "Signal Dispatcher"          daemon [_thread_blocked, id=18564, stack(0x0000004541a00000,0x0000004541b00000) (1024K)]
  0x0000024137a64840 JavaThread "Attach Listener"            daemon [_thread_blocked, id=19856, stack(0x0000004541b00000,0x0000004541c00000) (1024K)]
  0x0000024137a65450 JavaThread "Service Thread"             daemon [_thread_blocked, id=18944, stack(0x0000004541c00000,0x0000004541d00000) (1024K)]
  0x0000024137a66060 JavaThread "Monitor Deflation Thread"   daemon [_thread_blocked, id=13044, stack(0x0000004541d00000,0x0000004541e00000) (1024K)]
  0x0000024137a75010 JavaThread "C2 CompilerThread0"         daemon [_thread_blocked, id=15644, stack(0x0000004541e00000,0x0000004541f00000) (1024K)]
  0x0000024137a787f0 JavaThread "C1 CompilerThread0"         daemon [_thread_blocked, id=12024, stack(0x0000004541f00000,0x0000004542000000) (1024K)]
  0x0000024137d089a0 JavaThread "Common-Cleaner"             daemon [_thread_blocked, id=13036, stack(0x0000004542000000,0x0000004542100000) (1024K)]
  0x0000024137d69f50 JavaThread "Notification Thread"        daemon [_thread_blocked, id=20156, stack(0x0000004542100000,0x0000004542200000) (1024K)]
  0x000002417d71d560 JavaThread "Daemon health stats"               [_thread_blocked, id=8432, stack(0x0000004542200000,0x0000004542300000) (1024K)]
  0x000002417dc25270 JavaThread "Incoming local TCP Connector on port 3788"        [_thread_in_native, id=6592, stack(0x0000004542700000,0x0000004542800000) (1024K)]
  0x000002417e616980 JavaThread "Daemon periodic checks"            [_thread_blocked, id=2180, stack(0x0000004542800000,0x0000004542900000) (1024K)]
  0x000002417e73e7e0 JavaThread "Daemon"                            [_thread_blocked, id=17728, stack(0x0000004542900000,0x0000004542a00000) (1024K)]
  0x000002417e93e790 JavaThread "Handler for socket connection from /127.0.0.1:3788 to /127.0.0.1:3789"        [_thread_in_native, id=2276, stack(0x0000004542a00000,0x0000004542b00000) (1024K)]
  0x000002417d8314d0 JavaThread "Cancel handler"                    [_thread_blocked, id=15636, stack(0x0000004542b00000,0x0000004542c00000) (1024K)]
  0x000002417ea742c0 JavaThread "Daemon worker"                     [_thread_blocked, id=8704, stack(0x0000004542c00000,0x0000004542d00000) (1024K)]
  0x000002417ea63de0 JavaThread "Asynchronous log dispatcher for DefaultDaemonConnection: socket connection from /127.0.0.1:3788 to /127.0.0.1:3789"        [_thread_blocked, id=9368, stack(0x0000004542d00000,0x0000004542e00000) (1024K)]
  0x000002417ea63750 JavaThread "Stdin handler"                     [_thread_blocked, id=2600, stack(0x0000004542e00000,0x0000004542f00000) (1024K)]
  0x000002417ea66540 JavaThread "Daemon client event forwarder"        [_thread_blocked, id=16744, stack(0x0000004542f00000,0x0000004543000000) (1024K)]
  0x000002417ea64b00 JavaThread "Cache worker for journal cache (C:\Users\user\.gradle\caches\journal-1)"        [_thread_blocked, id=17348, stack(0x0000004543000000,0x0000004543100000) (1024K)]
  0x000002417ea65eb0 JavaThread "File lock request listener"        [_thread_in_native, id=9948, stack(0x0000004543100000,0x0000004543200000) (1024K)]
  0x000002417ea64470 JavaThread "Cache worker for file hash cache (C:\Users\user\.gradle\caches\8.3\fileHashes)"        [_thread_blocked, id=15292, stack(0x0000004543200000,0x0000004543300000) (1024K)]
  0x000002417f49c5c0 JavaThread "File watcher server"        daemon [_thread_in_native, id=14104, stack(0x0000004543600000,0x0000004543700000) (1024K)]
  0x000002417f499140 JavaThread "File watcher consumer"      daemon [_thread_blocked, id=19652, stack(0x0000004543700000,0x0000004543800000) (1024K)]
  0x000002417f49f3b0 JavaThread "Cache worker for checksums cache (C:\Users\user\OneDrive\Desktop\FYP PROJECT\cafeteria_app\android\.gradle\8.3\checksums)"        [_thread_blocked, id=17656, stack(0x0000004543900000,0x0000004543a00000) (1024K)]
  0x000002417f49cc50 JavaThread "Cache worker for file hash cache (C:\Users\user\OneDrive\Desktop\FYP PROJECT\cafeteria_app\android\.gradle\8.3\fileHashes)"        [_thread_blocked, id=9416, stack(0x0000004543a00000,0x0000004543b00000) (1024K)]
  0x000002417f49ed20 JavaThread "Cache worker for cache directory md-supplier (C:\Users\user\.gradle\caches\8.3\md-supplier)"        [_thread_blocked, id=12396, stack(0x0000004543b00000,0x0000004543c00000) (1024K)]
  0x000002417f498420 JavaThread "Cache worker for file content cache (C:\Users\user\.gradle\caches\8.3\fileContent)"        [_thread_blocked, id=9908, stack(0x0000004543c00000,0x0000004543d00000) (1024K)]
  0x000002417f49fa40 JavaThread "Cache worker for cache directory md-rule (C:\Users\user\.gradle\caches\8.3\md-rule)"        [_thread_blocked, id=19812, stack(0x0000004543d00000,0x0000004543e00000) (1024K)]
  0x000002417f4997d0 JavaThread "Cache worker for execution history cache (C:\Users\user\.gradle\caches\8.3\executionHistory)"        [_thread_blocked, id=19632, stack(0x0000004543e00000,0x0000004543f00000) (1024K)]
  0x000002417f49e690 JavaThread "jar transforms"                    [_thread_blocked, id=11268, stack(0x0000004543f00000,0x0000004544000000) (1024K)]
  0x000002417f49b8a0 JavaThread "Cache worker for kotlin-dsl (C:\Users\user\.gradle\caches\8.3\kotlin-dsl)"        [_thread_blocked, id=15076, stack(0x0000004544000000,0x0000004544100000) (1024K)]
Total: 34

Other Threads:
  0x0000024137a48fb0 VMThread "VM Thread"                           [id=13028, stack(0x0000004541700000,0x0000004541800000) (1024K)]
  0x0000024137a3a760 WatcherThread "VM Periodic Task Thread"        [id=3556, stack(0x0000004541600000,0x0000004541700000) (1024K)]
=>0x000002411db8dab0 WorkerThread "GC Thread#0"                     [id=18248, stack(0x0000004541100000,0x0000004541200000) (1024K)]
  0x000002417d88d000 WorkerThread "GC Thread#1"                     [id=16316, stack(0x0000004542300000,0x0000004542400000) (1024K)]
  0x000002417d88d3b0 WorkerThread "GC Thread#2"                     [id=18240, stack(0x0000004542400000,0x0000004542500000) (1024K)]
  0x000002417d78f8b0 WorkerThread "GC Thread#3"                     [id=10552, stack(0x0000004542500000,0x0000004542600000) (1024K)]
  0x000002417db7a7f0 WorkerThread "GC Thread#4"                     [id=13952, stack(0x0000004542600000,0x0000004542700000) (1024K)]
  0x000002417ede1820 WorkerThread "GC Thread#5"                     [id=8152, stack(0x0000004543300000,0x0000004543400000) (1024K)]
  0x000002417ede1bd0 WorkerThread "GC Thread#6"                     [id=10932, stack(0x0000004543400000,0x0000004543500000) (1024K)]
  0x000002417ec3f260 WorkerThread "GC Thread#7"                     [id=8264, stack(0x0000004543500000,0x0000004543600000) (1024K)]
  0x000002411b97dfe0 ConcurrentGCThread "G1 Main Marker"            [id=3480, stack(0x0000004541200000,0x0000004541300000) (1024K)]
  0x000002411b97e9f0 WorkerThread "G1 Conc#0"                       [id=12372, stack(0x0000004541300000,0x0000004541400000) (1024K)]
  0x000002417ee38720 WorkerThread "G1 Conc#1"                       [id=7488, stack(0x0000004543800000,0x0000004543900000) (1024K)]
  0x000002411dbde080 ConcurrentGCThread "G1 Refine#0"               [id=3240, stack(0x0000004541400000,0x0000004541500000) (1024K)]
  0x000002411dbdeb00 ConcurrentGCThread "G1 Service"                [id=18924, stack(0x0000004541500000,0x0000004541600000) (1024K)]
Total: 15

Threads with active compile tasks:
C2 CompilerThread0  11189 4877       4       org.jetbrains.kotlin.com.intellij.util.SmartList::get (28 bytes)
Total: 1

VM state: at safepoint (normal execution)

VM Mutex/Monitor currently owned by a thread:  ([mutex/lock_event])
[0x00007ff9f3a4bfe0] FreeList_lock - owner thread: 0x000002411db8dab0
[0x00007ff9f3a4e560] Threads_lock - owner thread: 0x0000024137a48fb0
[0x00007ff9f3a4e660] Heap_lock - owner thread: 0x000002417ea742c0

Heap address: 0x0000000700000000, size: 4096 MB, Compressed Oops mode: Zero based, Oop shift amount: 3

CDS archive(s) mapped at: [0x0000024138000000-0x0000024138ba0000-0x0000024138ba0000), size 12189696, SharedBaseAddress: 0x0000024138000000, ArchiveRelocationMode: 1.
Compressed class space mapped at: 0x0000024139000000-0x0000024179000000, reserved size: 1073741824
Narrow klass base: 0x0000024138000000, Narrow klass shift: 0, Narrow klass range: 0x100000000

GC Precious Log:
 CardTable entry size: 512
 Card Set container configuration: InlinePtr #cards 4 size 8 Array Of Cards #cards 16 size 48 Howl #buckets 8 coarsen threshold 3686 Howl Bitmap #cards 512 size 80 coarsen threshold 460 Card regions per heap region 1 cards per card region 4096
 CPUs: 8 total, 8 available
 Memory: 8030M
 Large Page Support: Disabled
 NUMA Support: Disabled
 Compressed Oops: Enabled (Zero based)
 Heap Region Size: 2M
 Heap Min Capacity: 8M
 Heap Initial Capacity: 126M
 Heap Max Capacity: 4G
 Pre-touch: Disabled
 Parallel Workers: 8
 Concurrent Workers: 2
 Concurrent Refinement Workers: 8
 Periodic GC: Disabled

Heap:
 garbage-first heap   total 102400K, used 91619K [0x0000000700000000, 0x0000000800000000)
  region size 2048K, 27 young (55296K), 3 survivors (6144K)
 Metaspace       used 56017K, committed 57472K, reserved 1114112K
  class space    used 8142K, committed 8832K, reserved 1048576K

Heap Regions: E=young(eden), S=young(survivor), O=old, HS=humongous(starts), HC=humongous(continues), CS=collection set, F=free, TAMS=top-at-mark-start, PB=parsable bottom
|   0|0x0000000700000000, 0x0000000700200000, 0x0000000700200000|100%|HS|  |TAMS 0x0000000700000000| PB 0x0000000700000000| Complete 
|   1|0x0000000700200000, 0x0000000700400000, 0x0000000700400000|100%|HC|  |TAMS 0x0000000700200000| PB 0x0000000700200000| Complete 
|   2|0x0000000700400000, 0x0000000700600000, 0x0000000700600000|100%| O|  |TAMS 0x0000000700400000| PB 0x0000000700400000| Untracked 
|   3|0x0000000700600000, 0x0000000700800000, 0x0000000700800000|100%| O|  |TAMS 0x0000000700600000| PB 0x0000000700600000| Untracked 
|   4|0x0000000700800000, 0x0000000700a00000, 0x0000000700a00000|100%| O|  |TAMS 0x0000000700800000| PB 0x0000000700800000| Untracked 
|   5|0x0000000700a00000, 0x0000000700c00000, 0x0000000700c00000|100%| O|  |TAMS 0x0000000700a00000| PB 0x0000000700a00000| Untracked 
|   6|0x0000000700c00000, 0x0000000700e00000, 0x0000000700e00000|100%| O|  |TAMS 0x0000000700c00000| PB 0x0000000700c00000| Untracked 
|   7|0x0000000700e00000, 0x0000000701000000, 0x0000000701000000|100%| O|  |TAMS 0x0000000700e00000| PB 0x0000000700e00000| Untracked 
|   8|0x0000000701000000, 0x0000000701200000, 0x0000000701200000|100%| O|  |TAMS 0x0000000701000000| PB 0x0000000701000000| Untracked 
|   9|0x0000000701200000, 0x0000000701400000, 0x0000000701400000|100%| O|  |TAMS 0x0000000701200000| PB 0x0000000701200000| Untracked 
|  10|0x0000000701400000, 0x0000000701600000, 0x0000000701600000|100%| O|  |TAMS 0x0000000701400000| PB 0x0000000701400000| Untracked 
|  11|0x0000000701600000, 0x0000000701800000, 0x0000000701800000|100%| O|  |TAMS 0x0000000701600000| PB 0x0000000701600000| Untracked 
|  12|0x0000000701800000, 0x000000070193b300, 0x0000000701a00000| 61%| O|  |TAMS 0x0000000701800000| PB 0x0000000701800000| Untracked 
|  13|0x0000000701a00000, 0x0000000701c00000, 0x0000000701c00000|100%| O|  |TAMS 0x0000000701a00000| PB 0x0000000701a00000| Untracked 
|  14|0x0000000701c00000, 0x0000000701e00000, 0x0000000701e00000|100%| O|  |TAMS 0x0000000701c00000| PB 0x0000000701c00000| Untracked 
|  15|0x0000000701e00000, 0x0000000702000000, 0x0000000702000000|100%| O|  |TAMS 0x0000000701e00000| PB 0x0000000701e00000| Untracked 
|  16|0x0000000702000000, 0x0000000702200000, 0x0000000702200000|100%| O|  |TAMS 0x0000000702000000| PB 0x0000000702000000| Untracked 
|  17|0x0000000702200000, 0x0000000702400000, 0x0000000702400000|100%| S|  |TAMS 0x0000000702200000| PB 0x0000000702200000| Complete 
|  18|0x0000000702400000, 0x0000000702528fb0, 0x0000000702600000| 58%| E|CS|TAMS 0x0000000702400000| PB 0x0000000702400000| Complete 
|  19|0x0000000702600000, 0x0000000702800000, 0x0000000702800000|100%| E|CS|TAMS 0x0000000702600000| PB 0x0000000702600000| Complete 
|  20|0x0000000702800000, 0x0000000702a00000, 0x0000000702a00000|100%| E|CS|TAMS 0x0000000702800000| PB 0x0000000702800000| Complete 
|  21|0x0000000702a00000, 0x0000000702c00000, 0x0000000702c00000|100%|HS|  |TAMS 0x0000000702a00000| PB 0x0000000702a00000| Complete 
|  22|0x0000000702c00000, 0x0000000702e00000, 0x0000000702e00000|100%|HC|  |TAMS 0x0000000702c00000| PB 0x0000000702c00000| Complete 
|  23|0x0000000702e00000, 0x0000000703000000, 0x0000000703000000|100%|HC|  |TAMS 0x0000000702e00000| PB 0x0000000702e00000| Complete 
|  24|0x0000000703000000, 0x0000000703200000, 0x0000000703200000|100%| E|CS|TAMS 0x0000000703000000| PB 0x0000000703000000| Complete 
|  25|0x0000000703200000, 0x0000000703400000, 0x0000000703400000|100%| E|CS|TAMS 0x0000000703200000| PB 0x0000000703200000| Complete 
|  26|0x0000000703400000, 0x0000000703600000, 0x0000000703600000|100%| E|CS|TAMS 0x0000000703400000| PB 0x0000000703400000| Complete 
|  27|0x0000000703600000, 0x0000000703800000, 0x0000000703800000|100%| E|CS|TAMS 0x0000000703600000| PB 0x0000000703600000| Complete 
|  28|0x0000000703800000, 0x0000000703a00000, 0x0000000703a00000|100%| E|CS|TAMS 0x0000000703800000| PB 0x0000000703800000| Complete 
|  29|0x0000000703a00000, 0x0000000703c00000, 0x0000000703c00000|100%| E|CS|TAMS 0x0000000703a00000| PB 0x0000000703a00000| Complete 
|  30|0x0000000703c00000, 0x0000000703e00000, 0x0000000703e00000|100%| E|CS|TAMS 0x0000000703c00000| PB 0x0000000703c00000| Complete 
|  31|0x0000000703e00000, 0x0000000704000000, 0x0000000704000000|100%| E|CS|TAMS 0x0000000703e00000| PB 0x0000000703e00000| Complete 
|  32|0x0000000704000000, 0x0000000704200000, 0x0000000704200000|100%| E|CS|TAMS 0x0000000704000000| PB 0x0000000704000000| Complete 
|  33|0x0000000704200000, 0x0000000704400000, 0x0000000704400000|100%| E|CS|TAMS 0x0000000704200000| PB 0x0000000704200000| Complete 
|  34|0x0000000704400000, 0x0000000704600000, 0x0000000704600000|100%| E|CS|TAMS 0x0000000704400000| PB 0x0000000704400000| Complete 
|  35|0x0000000704600000, 0x0000000704800000, 0x0000000704800000|100%| E|CS|TAMS 0x0000000704600000| PB 0x0000000704600000| Complete 
|  36|0x0000000704800000, 0x0000000704a00000, 0x0000000704a00000|100%| E|CS|TAMS 0x0000000704800000| PB 0x0000000704800000| Complete 
|  37|0x0000000704a00000, 0x0000000704c00000, 0x0000000704c00000|100%| E|CS|TAMS 0x0000000704a00000| PB 0x0000000704a00000| Complete 
|  38|0x0000000704c00000, 0x0000000704e00000, 0x0000000704e00000|100%| E|CS|TAMS 0x0000000704c00000| PB 0x0000000704c00000| Complete 
|  39|0x0000000704e00000, 0x0000000705000000, 0x0000000705000000|100%| E|CS|TAMS 0x0000000704e00000| PB 0x0000000704e00000| Complete 
|  40|0x0000000705000000, 0x0000000705200000, 0x0000000705200000|100%| E|CS|TAMS 0x0000000705000000| PB 0x0000000705000000| Complete 
|  41|0x0000000705200000, 0x0000000705400000, 0x0000000705400000|100%| E|CS|TAMS 0x0000000705200000| PB 0x0000000705200000| Complete 
|  42|0x0000000705400000, 0x0000000705600000, 0x0000000705600000|100%| E|CS|TAMS 0x0000000705400000| PB 0x0000000705400000| Complete 
|  43|0x0000000705600000, 0x0000000705800000, 0x0000000705800000|100%| E|CS|TAMS 0x0000000705600000| PB 0x0000000705600000| Complete 
|  44|0x0000000705800000, 0x0000000705a00000, 0x0000000705a00000|100%| E|CS|TAMS 0x0000000705800000| PB 0x0000000705800000| Complete 
|  45|0x0000000705a00000, 0x0000000705c00000, 0x0000000705c00000|100%| E|CS|TAMS 0x0000000705a00000| PB 0x0000000705a00000| Complete 
|  46|0x0000000705c00000, 0x0000000705e00000, 0x0000000705e00000|100%| E|CS|TAMS 0x0000000705c00000| PB 0x0000000705c00000| Complete 
|  47|0x0000000705e00000, 0x0000000706000000, 0x0000000706000000|100%| S|  |TAMS 0x0000000705e00000| PB 0x0000000705e00000| Complete 
|  48|0x0000000706000000, 0x0000000706200000, 0x0000000706200000|100%| S|  |TAMS 0x0000000706000000| PB 0x0000000706000000| Complete 
|  62|0x0000000707c00000, 0x0000000707e00000, 0x0000000707e00000|100%| E|CS|TAMS 0x0000000707c00000| PB 0x0000000707c00000| Complete 

Card table byte_map: [0x0000024130850000,0x0000024131050000] _byte_map_base: 0x000002412d050000

Marking Bits: (CMBitMap*) 0x000002411db8e0c0
 Bits: [0x0000024131050000, 0x0000024135050000)

Polling page: 0x000002411d2e0000

Metaspace:

Usage:
  Non-class:     46.75 MB used.
      Class:      7.95 MB used.
       Both:     54.70 MB used.

Virtual space:
  Non-class space:       64.00 MB reserved,      47.50 MB ( 74%) committed,  1 nodes.
      Class space:        1.00 GB reserved,       8.62 MB ( <1%) committed,  1 nodes.
             Both:        1.06 GB reserved,      56.12 MB (  5%) committed. 

Chunk freelists:
   Non-Class:  528.00 KB
       Class:  7.27 MB
        Both:  7.78 MB

MaxMetaspaceSize: 2.00 GB
CompressedClassSpaceSize: 1.00 GB
Initial GC threshold: 21.00 MB
Current GC threshold: 59.38 MB
CDS: on
 - commit_granule_bytes: 65536.
 - commit_granule_words: 8192.
 - virtual_space_node_default_size: 8388608.
 - enlarge_chunks_in_place: 1.
 - use_allocation_guard: 0.


Internal statistics:

num_allocs_failed_limit: 9.
num_arena_births: 2392.
num_arena_deaths: 0.
num_vsnodes_births: 2.
num_vsnodes_deaths: 0.
num_space_committed: 896.
num_space_uncommitted: 0.
num_chunks_returned_to_freelist: 9.
num_chunks_taken_from_freelist: 4698.
num_chunk_merges: 9.
num_chunk_splits: 3231.
num_chunks_enlarged: 2163.
num_inconsistent_stats: 0.

CodeHeap 'non-profiled nmethods': size=120000Kb used=2374Kb max_used=2374Kb free=117625Kb
 bounds [0x00000241287f0000, 0x0000024128a60000, 0x000002412fd20000]
CodeHeap 'profiled nmethods': size=120000Kb used=8577Kb max_used=8577Kb free=111422Kb
 bounds [0x0000024120d20000, 0x0000024121590000, 0x0000024128250000]
CodeHeap 'non-nmethods': size=5760Kb used=2627Kb max_used=2658Kb free=3133Kb
 bounds [0x0000024128250000, 0x00000241284f0000, 0x00000241287f0000]
CodeCache: size=245760Kb, used=13578Kb, max_used=13609Kb, free=232180Kb
 total_blobs=5332, nmethods=4439, adapters=796, full_count=0
Compilation: enabled, stopped_count=0, restarted_count=0

Compilation events (20 events):
Event: 11.051 Thread 0x0000024137a787f0 4891       1       java.util.AbstractMap$SimpleEntry::getValue (5 bytes)
Event: 11.051 Thread 0x0000024137a787f0 nmethod 4891 0x0000024128a3da10 code [0x0000024128a3dba0, 0x0000024128a3dc70]
Event: 11.051 Thread 0x0000024137a787f0 4892       1       java.util.AbstractMap$SimpleEntry::getKey (5 bytes)
Event: 11.051 Thread 0x0000024137a787f0 nmethod 4892 0x0000024128a3dd10 code [0x0000024128a3dea0, 0x0000024128a3df70]
Event: 11.051 Thread 0x0000024137a787f0 4893       1       org.jetbrains.kotlin.com.intellij.openapi.vfs.impl.jar.CoreJarVirtualFile::setChildren (6 bytes)
Event: 11.051 Thread 0x0000024137a787f0 nmethod 4893 0x0000024128a3e010 code [0x0000024128a3e1a0, 0x0000024128a3e2b8]
Event: 11.053 Thread 0x0000024137a787f0 4894       3       org.jetbrains.kotlin.com.intellij.openapi.vfs.impl.ArchiveHandler::directoryEntry (144 bytes)
Event: 11.054 Thread 0x0000024137a787f0 nmethod 4894 0x000002412157c510 code [0x000002412157c840, 0x000002412157dcd0]
Event: 11.058 Thread 0x0000024137a787f0 4895       3       org.jetbrains.kotlin.com.intellij.openapi.vfs.impl.ZipEntryMap::get (6 bytes)
Event: 11.058 Thread 0x0000024137a787f0 nmethod 4895 0x000002412157e390 code [0x000002412157e540, 0x000002412157e678]
Event: 11.058 Thread 0x0000024137a787f0 4896       3       org.jetbrains.kotlin.com.intellij.openapi.vfs.impl.ZipEntryMap::put (80 bytes)
Event: 11.059 Thread 0x0000024137a787f0 nmethod 4896 0x000002412157e710 code [0x000002412157e940, 0x000002412157f078]
Event: 11.059 Thread 0x0000024137a787f0 4897       3       org.jetbrains.kotlin.com.intellij.util.SmartList::add (94 bytes)
Event: 11.059 Thread 0x0000024137a787f0 nmethod 4897 0x000002412157f390 code [0x000002412157f580, 0x000002412157fda0]
Event: 11.073 Thread 0x0000024137a787f0 4898       3       org.jetbrains.kotlin.com.intellij.openapi.util.RecursionManager$2::mayCacheNow (61 bytes)
Event: 11.074 Thread 0x0000024137a787f0 nmethod 4898 0x000002412157ff90 code [0x00000241215801a0, 0x0000024121580890]
Event: 11.081 Thread 0x0000024137a787f0 4899       3       org.jetbrains.kotlin.com.intellij.openapi.vfs.impl.jar.CoreJarHandler$$Lambda/0x00000241398b99e8::fun (8 bytes)
Event: 11.081 Thread 0x0000024137a787f0 nmethod 4899 0x0000024121580b10 code [0x0000024121580ce0, 0x0000024121581190]
Event: 11.083 Thread 0x0000024137a75010 nmethod 4875 0x0000024128a3e310 code [0x0000024128a3e640, 0x0000024128a40af8]
Event: 11.084 Thread 0x0000024137a75010 4877       4       org.jetbrains.kotlin.com.intellij.util.SmartList::get (28 bytes)

GC Heap History (20 events):
Event: 0.901 GC heap after
{Heap after GC invocations=1 (full 0):
 garbage-first heap   total 129024K, used 10173K [0x0000000700000000, 0x0000000800000000)
  region size 2048K, 2 young (4096K), 2 survivors (4096K)
 Metaspace       used 2968K, committed 3136K, reserved 1114112K
  class space    used 387K, committed 448K, reserved 1048576K
}
Event: 1.506 GC heap before
{Heap before GC invocations=1 (full 0):
 garbage-first heap   total 129024K, used 36797K [0x0000000700000000, 0x0000000800000000)
  region size 2048K, 16 young (32768K), 2 survivors (4096K)
 Metaspace       used 4089K, committed 4288K, reserved 1114112K
  class space    used 510K, committed 640K, reserved 1048576K
}
Event: 1.512 GC heap after
{Heap after GC invocations=2 (full 0):
 garbage-first heap   total 129024K, used 12231K [0x0000000700000000, 0x0000000800000000)
  region size 2048K, 1 young (2048K), 1 survivors (2048K)
 Metaspace       used 4089K, committed 4288K, reserved 1114112K
  class space    used 510K, committed 640K, reserved 1048576K
}
Event: 3.522 GC heap before
{Heap before GC invocations=2 (full 0):
 garbage-first heap   total 129024K, used 83911K [0x0000000700000000, 0x0000000800000000)
  region size 2048K, 37 young (75776K), 1 survivors (2048K)
 Metaspace       used 16372K, committed 16896K, reserved 1114112K
  class space    used 2371K, committed 2624K, reserved 1048576K
}
Event: 3.531 GC heap after
{Heap after GC invocations=3 (full 0):
 garbage-first heap   total 129024K, used 20563K [0x0000000700000000, 0x0000000800000000)
  region size 2048K, 5 young (10240K), 5 survivors (10240K)
 Metaspace       used 16372K, committed 16896K, reserved 1114112K
  class space    used 2371K, committed 2624K, reserved 1048576K
}
Event: 4.121 GC heap before
{Heap before GC invocations=3 (full 0):
 garbage-first heap   total 129024K, used 51283K [0x0000000700000000, 0x0000000800000000)
  region size 2048K, 21 young (43008K), 5 survivors (10240K)
 Metaspace       used 20878K, committed 21504K, reserved 1114112K
  class space    used 3137K, committed 3456K, reserved 1048576K
}
Event: 4.131 GC heap after
{Heap after GC invocations=4 (full 0):
 garbage-first heap   total 129024K, used 23144K [0x0000000700000000, 0x0000000800000000)
  region size 2048K, 2 young (4096K), 2 survivors (4096K)
 Metaspace       used 20878K, committed 21504K, reserved 1114112K
  class space    used 3137K, committed 3456K, reserved 1048576K
}
Event: 5.709 GC heap before
{Heap before GC invocations=5 (full 0):
 garbage-first heap   total 90112K, used 84584K [0x0000000700000000, 0x0000000800000000)
  region size 2048K, 33 young (67584K), 2 survivors (4096K)
 Metaspace       used 30965K, committed 32128K, reserved 1114112K
  class space    used 4565K, committed 5120K, reserved 1048576K
}
Event: 5.716 GC heap after
{Heap after GC invocations=6 (full 0):
 garbage-first heap   total 98304K, used 27793K [0x0000000700000000, 0x0000000800000000)
  region size 2048K, 4 young (8192K), 4 survivors (8192K)
 Metaspace       used 30965K, committed 32128K, reserved 1114112K
  class space    used 4565K, committed 5120K, reserved 1048576K
}
Event: 7.001 GC heap before
{Heap before GC invocations=6 (full 0):
 garbage-first heap   total 98304K, used 74897K [0x0000000700000000, 0x0000000800000000)
  region size 2048K, 26 young (53248K), 4 survivors (8192K)
 Metaspace       used 34806K, committed 35968K, reserved 1114112K
  class space    used 5004K, committed 5568K, reserved 1048576K
}
Event: 7.009 GC heap after
{Heap after GC invocations=7 (full 0):
 garbage-first heap   total 98304K, used 32129K [0x0000000700000000, 0x0000000800000000)
  region size 2048K, 3 young (6144K), 3 survivors (6144K)
 Metaspace       used 34806K, committed 35968K, reserved 1114112K
  class space    used 5004K, committed 5568K, reserved 1048576K
}
Event: 7.121 GC heap before
{Heap before GC invocations=7 (full 0):
 garbage-first heap   total 98304K, used 34177K [0x0000000700000000, 0x0000000800000000)
  region size 2048K, 5 young (10240K), 3 survivors (6144K)
 Metaspace       used 35116K, committed 36288K, reserved 1114112K
  class space    used 5043K, committed 5632K, reserved 1048576K
}
Event: 7.125 GC heap after
{Heap after GC invocations=8 (full 0):
 garbage-first heap   total 98304K, used 30919K [0x0000000700000000, 0x0000000800000000)
  region size 2048K, 2 young (4096K), 2 survivors (4096K)
 Metaspace       used 35116K, committed 36288K, reserved 1114112K
  class space    used 5043K, committed 5632K, reserved 1048576K
}
Event: 7.990 GC heap before
{Heap before GC invocations=9 (full 0):
 garbage-first heap   total 98304K, used 78023K [0x0000000700000000, 0x0000000800000000)
  region size 2048K, 26 young (53248K), 2 survivors (4096K)
 Metaspace       used 39000K, committed 40320K, reserved 1114112K
  class space    used 5553K, committed 6208K, reserved 1048576K
}
Event: 7.996 GC heap after
{Heap after GC invocations=10 (full 0):
 garbage-first heap   total 98304K, used 34039K [0x0000000700000000, 0x0000000800000000)
  region size 2048K, 4 young (8192K), 4 survivors (8192K)
 Metaspace       used 39000K, committed 40320K, reserved 1114112K
  class space    used 5553K, committed 6208K, reserved 1048576K
}
Event: 9.627 GC heap before
{Heap before GC invocations=10 (full 0):
 garbage-first heap   total 98304K, used 81143K [0x0000000700000000, 0x0000000800000000)
  region size 2048K, 27 young (55296K), 4 survivors (8192K)
 Metaspace       used 46010K, committed 47296K, reserved 1114112K
  class space    used 6914K, committed 7552K, reserved 1048576K
}
Event: 9.634 GC heap after
{Heap after GC invocations=11 (full 0):
 garbage-first heap   total 98304K, used 35155K [0x0000000700000000, 0x0000000800000000)
  region size 2048K, 3 young (6144K), 3 survivors (6144K)
 Metaspace       used 46010K, committed 47296K, reserved 1114112K
  class space    used 6914K, committed 7552K, reserved 1048576K
}
Event: 10.462 GC heap before
{Heap before GC invocations=11 (full 0):
 garbage-first heap   total 98304K, used 84307K [0x0000000700000000, 0x0000000800000000)
  region size 2048K, 27 young (55296K), 3 survivors (6144K)
 Metaspace       used 53022K, committed 54400K, reserved 1114112K
  class space    used 7792K, committed 8448K, reserved 1048576K
}
Event: 10.467 GC heap after
{Heap after GC invocations=12 (full 0):
 garbage-first heap   total 98304K, used 36323K [0x0000000700000000, 0x0000000800000000)
  region size 2048K, 3 young (6144K), 3 survivors (6144K)
 Metaspace       used 53022K, committed 54400K, reserved 1114112K
  class space    used 7792K, committed 8448K, reserved 1048576K
}
Event: 11.084 GC heap before
{Heap before GC invocations=12 (full 0):
 garbage-first heap   total 98304K, used 89571K [0x0000000700000000, 0x0000000800000000)
  region size 2048K, 27 young (55296K), 3 survivors (6144K)
 Metaspace       used 56017K, committed 57472K, reserved 1114112K
  class space    used 8142K, committed 8832K, reserved 1048576K
}

Dll operation events (14 events):
Event: 0.011 Loaded shared library C:\Users\user\.vscode\extensions\redhat.java-1.54.0-win32-x64\jre\21.0.10-win32-x86_64\bin\java.dll
Event: 0.090 Loaded shared library C:\Users\user\.vscode\extensions\redhat.java-1.54.0-win32-x64\jre\21.0.10-win32-x86_64\bin\zip.dll
Event: 0.121 Loaded shared library C:\Users\user\.vscode\extensions\redhat.java-1.54.0-win32-x64\jre\21.0.10-win32-x86_64\bin\instrument.dll
Event: 0.128 Loaded shared library C:\Users\user\.vscode\extensions\redhat.java-1.54.0-win32-x64\jre\21.0.10-win32-x86_64\bin\net.dll
Event: 0.131 Loaded shared library C:\Users\user\.vscode\extensions\redhat.java-1.54.0-win32-x64\jre\21.0.10-win32-x86_64\bin\nio.dll
Event: 0.136 Loaded shared library C:\Users\user\.vscode\extensions\redhat.java-1.54.0-win32-x64\jre\21.0.10-win32-x86_64\bin\zip.dll
Event: 0.479 Loaded shared library C:\Users\user\.vscode\extensions\redhat.java-1.54.0-win32-x64\jre\21.0.10-win32-x86_64\bin\jimage.dll
Event: 0.557 Loaded shared library C:\Users\user\.vscode\extensions\redhat.java-1.54.0-win32-x64\jre\21.0.10-win32-x86_64\bin\verify.dll
Event: 0.769 Loaded shared library C:\Users\user\.gradle\native\68d5fa5c4cc2d200863cafc0d521ce42e7d3e7ee720ec0a83991735586a16f82\windows-amd64\native-platform.dll
Event: 0.781 Loaded shared library C:\Users\user\.gradle\native\e376f236ea51e6404a007f0833ffe2c6e607c4080706a723a18a27aeea778392\windows-amd64\native-platform-file-events.dll
Event: 2.066 Loaded shared library C:\Users\user\.vscode\extensions\redhat.java-1.54.0-win32-x64\jre\21.0.10-win32-x86_64\bin\management.dll
Event: 2.071 Loaded shared library C:\Users\user\.vscode\extensions\redhat.java-1.54.0-win32-x64\jre\21.0.10-win32-x86_64\bin\management_ext.dll
Event: 2.379 Loaded shared library C:\Users\user\.vscode\extensions\redhat.java-1.54.0-win32-x64\jre\21.0.10-win32-x86_64\bin\extnet.dll
Event: 2.547 Loaded shared library C:\Users\user\.vscode\extensions\redhat.java-1.54.0-win32-x64\jre\21.0.10-win32-x86_64\bin\sunmscapi.dll

Deoptimization events (20 events):
Event: 11.053 Thread 0x000002417ea742c0 Uncommon trap: trap_request=0xffffff45 fr.pc=0x0000024128a38590 relative=0x0000000000000eb0
Event: 11.053 Thread 0x000002417ea742c0 Uncommon trap: reason=unstable_if action=reinterpret pc=0x0000024128a38590 method=org.jetbrains.kotlin.com.intellij.openapi.vfs.impl.ArchiveHandler.directoryEntry(Ljava/util/Map;Lorg/jetbrains/kotlin/com/intellij/openapi/diagnostic/Logger;Ljava/lang/Strin
Event: 11.053 Thread 0x000002417ea742c0 DEOPT PACKING pc=0x0000024128a38590 sp=0x0000004542cf34e0
Event: 11.053 Thread 0x000002417ea742c0 DEOPT UNPACKING pc=0x00000241282a4422 sp=0x0000004542cf34e8 mode 2
Event: 11.058 Thread 0x000002417ea742c0 Uncommon trap: trap_request=0xffffff45 fr.pc=0x0000024128a35fbc relative=0x000000000000085c
Event: 11.058 Thread 0x000002417ea742c0 Uncommon trap: reason=unstable_if action=reinterpret pc=0x0000024128a35fbc method=org.jetbrains.kotlin.com.intellij.openapi.vfs.impl.ZipEntryMap.get(Ljava/lang/Object;)Lorg/jetbrains/kotlin/com/intellij/openapi/vfs/impl/ArchiveHandler$EntryInfo; @ 61 c2
Event: 11.058 Thread 0x000002417ea742c0 DEOPT PACKING pc=0x0000024128a35fbc sp=0x0000004542cf35f0
Event: 11.058 Thread 0x000002417ea742c0 DEOPT UNPACKING pc=0x00000241282a4422 sp=0x0000004542cf3550 mode 2
Event: 11.058 Thread 0x000002417ea742c0 Uncommon trap: trap_request=0xffffff45 fr.pc=0x0000024128a32944 relative=0x0000000000000a64
Event: 11.058 Thread 0x000002417ea742c0 Uncommon trap: reason=unstable_if action=reinterpret pc=0x0000024128a32944 method=org.jetbrains.kotlin.com.intellij.openapi.vfs.impl.ZipEntryMap.put(Ljava/lang/String;Lorg/jetbrains/kotlin/com/intellij/openapi/vfs/impl/ArchiveHandler$EntryInfo;[Lorg/jetbr
Event: 11.058 Thread 0x000002417ea742c0 DEOPT PACKING pc=0x0000024128a32944 sp=0x0000004542cf3580
Event: 11.058 Thread 0x000002417ea742c0 DEOPT UNPACKING pc=0x00000241282a4422 sp=0x0000004542cf3578 mode 2
Event: 11.058 Thread 0x000002417ea742c0 Uncommon trap: trap_request=0xffffff45 fr.pc=0x0000024128a39eec relative=0x00000000000002ac
Event: 11.058 Thread 0x000002417ea742c0 Uncommon trap: reason=unstable_if action=reinterpret pc=0x0000024128a39eec method=org.jetbrains.kotlin.com.intellij.util.SmartList.add(Ljava/lang/Object;)Z @ 6 c2
Event: 11.058 Thread 0x000002417ea742c0 DEOPT PACKING pc=0x0000024128a39eec sp=0x0000004542cf3740
Event: 11.058 Thread 0x000002417ea742c0 DEOPT UNPACKING pc=0x00000241282a4422 sp=0x0000004542cf3700 mode 2
Event: 11.084 Thread 0x000002417ea742c0 Uncommon trap: trap_request=0xffffff45 fr.pc=0x0000024128a40590 relative=0x0000000000001f50
Event: 11.084 Thread 0x000002417ea742c0 Uncommon trap: reason=unstable_if action=reinterpret pc=0x0000024128a40590 method=org.jetbrains.kotlin.com.intellij.openapi.vfs.impl.jar.CoreJarHandler.getOrCreateFile(Lorg/jetbrains/kotlin/com/intellij/openapi/vfs/impl/ArchiveHandler$EntryInfo;Ljava/util
Event: 11.084 Thread 0x000002417ea742c0 DEOPT PACKING pc=0x0000024128a40590 sp=0x0000004542cf3830
Event: 11.084 Thread 0x000002417ea742c0 DEOPT UNPACKING pc=0x00000241282a4422 sp=0x0000004542cf3830 mode 2

Classes loaded (20 events):
Event: 10.700 Loading class java/io/IOError
Event: 10.700 Loading class java/io/IOError done
Event: 10.705 Loading class java/nio/channels/FileChannel$MapMode
Event: 10.705 Loading class java/nio/channels/FileChannel$MapMode done
Event: 10.705 Loading class jdk/internal/misc/ExtendedMapMode
Event: 10.706 Loading class jdk/internal/misc/ExtendedMapMode done
Event: 10.707 Loading class sun/nio/ch/FileChannelImpl$DefaultUnmapper
Event: 10.707 Loading class sun/nio/ch/FileChannelImpl$Unmapper
Event: 10.707 Loading class jdk/internal/access/foreign/UnmapperProxy
Event: 10.707 Loading class jdk/internal/access/foreign/UnmapperProxy done
Event: 10.707 Loading class sun/nio/ch/FileChannelImpl$Unmapper done
Event: 10.708 Loading class sun/nio/ch/FileChannelImpl$DefaultUnmapper done
Event: 10.708 Loading class sun/nio/ch/Util$4
Event: 10.708 Loading class sun/nio/ch/Util$4 done
Event: 10.708 Loading class java/lang/foreign/MemorySegment
Event: 10.709 Loading class java/lang/foreign/MemorySegment done
Event: 10.715 Loading class java/io/UTFDataFormatException
Event: 10.715 Loading class java/io/UTFDataFormatException done
Event: 10.756 Loading class java/util/zip/ZipFile$ZipEntryIterator
Event: 10.756 Loading class java/util/zip/ZipFile$ZipEntryIterator done

Classes unloaded (0 events):
No events

Classes redefined (0 events):
No events

Internal exceptions (20 events):
Event: 7.902 Thread 0x000002417ea742c0 Exception <a 'java/lang/NoSuchMethodError'{0x0000000702ec8c40}: 'java.lang.Object java.lang.invoke.DirectMethodHandle$Holder.invokeStaticInit(java.lang.Object, int)'> (0x0000000702ec8c40) 
thrown [s\src\hotspot\share\interpreter\linkResolver.cpp, line 773]
Event: 9.349 Thread 0x000002417ea742c0 Implicit null exception at 0x0000024128835320 to 0x00000241288358e8
Event: 9.483 Thread 0x000002417ea742c0 Implicit null exception at 0x000002412884a4a0 to 0x000002412884ab3c
Event: 9.811 Thread 0x000002417ea742c0 Exception <a 'sun/nio/fs/WindowsException'{0x000000070590d8d8}> (0x000000070590d8d8) 
thrown [s\src\hotspot\share\prims\jni.cpp, line 520]
Event: 9.811 Thread 0x000002417ea742c0 Exception <a 'sun/nio/fs/WindowsException'{0x000000070590fd30}> (0x000000070590fd30) 
thrown [s\src\hotspot\share\prims\jni.cpp, line 520]
Event: 9.930 Thread 0x000002417ea742c0 Exception <a 'java/lang/NoSuchMethodError'{0x00000007053fa418}: 'long java.lang.invoke.DirectMethodHandle$Holder.invokeStatic(java.lang.Object)'> (0x00000007053fa418) 
thrown [s\src\hotspot\share\interpreter\linkResolver.cpp, line 773]
Event: 9.930 Thread 0x000002417ea742c0 Exception <a 'java/lang/NoSuchMethodError'{0x00000007053ff310}: 'long java.lang.invoke.DirectMethodHandle$Holder.invokeStaticInit(java.lang.Object)'> (0x00000007053ff310) 
thrown [s\src\hotspot\share\interpreter\linkResolver.cpp, line 773]
Event: 10.005 Thread 0x000002417ea742c0 Exception <a 'java/lang/NoSuchMethodError'{0x0000000704d26740}: 'long java.lang.invoke.Invokers$Holder.invoke_MT(java.lang.Object, java.lang.Object, java.lang.Object, java.lang.Object)'> (0x0000000704d26740) 
thrown [s\src\hotspot\share\interpreter\linkResolver.cpp, line 773]
Event: 10.005 Thread 0x000002417ea742c0 Exception <a 'java/lang/NoSuchMethodError'{0x0000000704d2fba8}: 'int java.lang.invoke.Invokers$Holder.invoke_MT(java.lang.Object, java.lang.Object, java.lang.Object, java.lang.Object)'> (0x0000000704d2fba8) 
thrown [s\src\hotspot\share\interpreter\linkResolver.cpp, line 773]
Event: 10.006 Thread 0x000002417ea742c0 Exception <a 'java/lang/NoSuchMethodError'{0x0000000704d3fe90}: 'void java.lang.invoke.DelegatingMethodHandle$Holder.reinvoke_L(java.lang.Object, java.lang.Object, java.lang.Object, long, java.lang.Object)'> (0x0000000704d3fe90) 
thrown [s\src\hotspot\share\interpreter\linkResolver.cpp, line 773]
Event: 10.007 Thread 0x000002417ea742c0 Exception <a 'java/lang/NoSuchMethodError'{0x0000000704d48818}: 'java.lang.Object java.lang.invoke.DirectMethodHandle$Holder.invokeSpecial(java.lang.Object, java.lang.Object, java.lang.Object, java.lang.Object, long)'> (0x0000000704d48818) 
thrown [s\src\hotspot\share\interpreter\linkResolver.cpp, line 773]
Event: 10.007 Thread 0x000002417ea742c0 Exception <a 'java/lang/NoSuchMethodError'{0x0000000704d58ef8}: 'int java.lang.invoke.DelegatingMethodHandle$Holder.reinvoke_L(java.lang.Object, java.lang.Object, java.lang.Object, long, java.lang.Object, java.lang.Object)'> (0x0000000704d58ef8) 
thrown [s\src\hotspot\share\interpreter\linkResolver.cpp, line 773]
Event: 10.008 Thread 0x000002417ea742c0 Exception <a 'java/lang/NoSuchMethodError'{0x0000000704d68bf0}: 'int java.lang.invoke.DelegatingMethodHandle$Holder.reinvoke_L(java.lang.Object, java.lang.Object, java.lang.Object, long, int, int)'> (0x0000000704d68bf0) 
thrown [s\src\hotspot\share\interpreter\linkResolver.cpp, line 773]
Event: 10.009 Thread 0x000002417ea742c0 Exception <a 'java/lang/NoSuchMethodError'{0x0000000704d78698}: 'int java.lang.invoke.DelegatingMethodHandle$Holder.reinvoke_L(java.lang.Object, java.lang.Object, java.lang.Object, long, long, long)'> (0x0000000704d78698) 
thrown [s\src\hotspot\share\interpreter\linkResolver.cpp, line 773]
Event: 10.010 Thread 0x000002417ea742c0 Exception <a 'java/lang/NoSuchMethodError'{0x0000000704d87de0}: 'int java.lang.invoke.DelegatingMethodHandle$Holder.reinvoke_L(java.lang.Object, java.lang.Object, java.lang.Object, long, int)'> (0x0000000704d87de0) 
thrown [s\src\hotspot\share\interpreter\linkResolver.cpp, line 773]
Event: 10.437 Thread 0x000002417ea742c0 Exception <a 'java/lang/NoSuchMethodError'{0x000000070337bdf8}: 'void java.lang.invoke.DirectMethodHandle$Holder.invokeVirtual(java.lang.Object, java.lang.Object)'> (0x000000070337bdf8) 
thrown [s\src\hotspot\share\interpreter\linkResolver.cpp, line 773]
Event: 10.665 Thread 0x000002417ea742c0 Exception <a 'java/lang/NoSuchMethodError'{0x000000070554a988}: 'java.lang.Object java.lang.invoke.Invokers$Holder.invokeExact_MT(java.lang.Object, java.lang.Object, long, java.lang.Object)'> (0x000000070554a988) 
thrown [s\src\hotspot\share\interpreter\linkResolver.cpp, line 773]
Event: 10.710 Thread 0x000002417ea742c0 Exception <a 'java/lang/NoSuchMethodError'{0x00000007053b6fd8}: 'long java.lang.invoke.DirectMethodHandle$Holder.invokeStatic(java.lang.Object, java.lang.Object, int)'> (0x00000007053b6fd8) 
thrown [s\src\hotspot\share\interpreter\linkResolver.cpp, line 773]
Event: 10.711 Thread 0x000002417ea742c0 Exception <a 'java/lang/NoSuchMethodError'{0x00000007053c3e18}: 'java.lang.Object java.lang.invoke.DelegatingMethodHandle$Holder.reinvoke_L(java.lang.Object, int, long, java.lang.Object, java.lang.Object, int, java.lang.Object)'> (0x00000007053c3e18) 
thrown [s\src\hotspot\share\interpreter\linkResolver.cpp, line 773]
Event: 10.756 Thread 0x000002417ea742c0 Implicit null exception at 0x000002412887cff6 to 0x000002412887dc00

ZGC Phase Switch (0 events):
No events

VM Operations (20 events):
Event: 7.886 Executing non-safepoint VM operation: HandshakeAllThreads (Deoptimize) done
Event: 7.899 Executing non-safepoint VM operation: HandshakeAllThreads (Deoptimize)
Event: 7.899 Executing non-safepoint VM operation: HandshakeAllThreads (Deoptimize) done
Event: 7.990 Executing safepoint VM operation: G1CollectForAllocation (G1 Evacuation Pause)
Event: 7.996 Executing safepoint VM operation: G1CollectForAllocation (G1 Evacuation Pause) done
Event: 8.046 Executing non-safepoint VM operation: HandshakeAllThreads (Deoptimize)
Event: 8.046 Executing non-safepoint VM operation: HandshakeAllThreads (Deoptimize) done
Event: 8.047 Executing non-safepoint VM operation: HandshakeAllThreads (Deoptimize)
Event: 8.048 Executing non-safepoint VM operation: HandshakeAllThreads (Deoptimize) done
Event: 9.063 Executing safepoint VM operation: Cleanup
Event: 9.063 Executing safepoint VM operation: Cleanup done
Event: 9.627 Executing safepoint VM operation: G1CollectForAllocation (G1 Evacuation Pause)
Event: 9.634 Executing safepoint VM operation: G1CollectForAllocation (G1 Evacuation Pause) done
Event: 9.803 Executing non-safepoint VM operation: HandshakeAllThreads (Deoptimize)
Event: 9.803 Executing non-safepoint VM operation: HandshakeAllThreads (Deoptimize) done
Event: 10.462 Executing safepoint VM operation: G1CollectForAllocation (G1 Evacuation Pause)
Event: 10.467 Executing safepoint VM operation: G1CollectForAllocation (G1 Evacuation Pause) done
Event: 10.539 Executing non-safepoint VM operation: HandshakeAllThreads (Deoptimize)
Event: 10.539 Executing non-safepoint VM operation: HandshakeAllThreads (Deoptimize) done
Event: 11.084 Executing safepoint VM operation: G1CollectForAllocation (G1 Evacuation Pause)

Memory protections (0 events):
No events

Nmethod flushes (20 events):
Event: 7.158 Thread 0x0000024137a48fb0 flushing  nmethod 0x0000024120d93a90
Event: 7.158 Thread 0x0000024137a48fb0 flushing  nmethod 0x0000024120dc1590
Event: 7.158 Thread 0x0000024137a48fb0 flushing  nmethod 0x0000024120dc1990
Event: 7.158 Thread 0x0000024137a48fb0 flushing  nmethod 0x0000024120dc3390
Event: 7.158 Thread 0x0000024137a48fb0 flushing  nmethod 0x0000024120dc3990
Event: 7.158 Thread 0x0000024137a48fb0 flushing  nmethod 0x0000024120dc6990
Event: 7.158 Thread 0x0000024137a48fb0 flushing  nmethod 0x0000024120dca690
Event: 7.158 Thread 0x0000024137a48fb0 flushing  nmethod 0x0000024120e25a90
Event: 7.158 Thread 0x0000024137a48fb0 flushing  nmethod 0x0000024120e90810
Event: 7.158 Thread 0x0000024137a48fb0 flushing  nmethod 0x0000024120e99b90
Event: 7.158 Thread 0x0000024137a48fb0 flushing  nmethod 0x0000024120e9a610
Event: 7.158 Thread 0x0000024137a48fb0 flushing  nmethod 0x0000024120ef1d10
Event: 7.158 Thread 0x0000024137a48fb0 flushing  nmethod 0x0000024120f6b510
Event: 7.158 Thread 0x0000024137a48fb0 flushing  nmethod 0x0000024121020710
Event: 7.158 Thread 0x0000024137a48fb0 flushing  nmethod 0x0000024121078c10
Event: 7.158 Thread 0x0000024137a48fb0 flushing  nmethod 0x0000024121079d90
Event: 7.158 Thread 0x0000024137a48fb0 flushing  nmethod 0x0000024121080210
Event: 7.158 Thread 0x0000024137a48fb0 flushing  nmethod 0x0000024121146390
Event: 7.158 Thread 0x0000024137a48fb0 flushing  nmethod 0x0000024121146910
Event: 7.158 Thread 0x0000024137a48fb0 flushing  nmethod 0x00000241212de090

Events (20 events):
Event: 2.567 Thread 0x000002417dc25270 Thread added: 0x000002417e73e7e0
Event: 2.570 Thread 0x000002417e73e7e0 Thread added: 0x000002417e93e790
Event: 2.601 Thread 0x000002417e73e7e0 Thread added: 0x000002417d8314d0
Event: 2.608 Thread 0x000002417e73e7e0 Thread added: 0x000002417ea742c0
Event: 2.619 Thread 0x000002417ea742c0 Thread added: 0x000002417ea63de0
Event: 2.622 Thread 0x000002417ea742c0 Thread added: 0x000002417ea63750
Event: 2.627 Thread 0x000002417ea742c0 Thread added: 0x000002417ea66540
Event: 3.064 Thread 0x000002417ea742c0 Thread added: 0x000002417ea64b00
Event: 3.078 Thread 0x000002417ea742c0 Thread added: 0x000002417ea65eb0
Event: 3.407 Thread 0x000002417ea742c0 Thread added: 0x000002417ea64470
Event: 4.045 Thread 0x000002417ea742c0 Thread added: 0x000002417f49c5c0
Event: 4.052 Thread 0x000002417ea742c0 Thread added: 0x000002417f499140
Event: 4.321 Thread 0x000002417ea742c0 Thread added: 0x000002417f49f3b0
Event: 4.363 Thread 0x000002417ea742c0 Thread added: 0x000002417f49cc50
Event: 4.406 Thread 0x000002417ea742c0 Thread added: 0x000002417f49ed20
Event: 4.441 Thread 0x000002417ea742c0 Thread added: 0x000002417f498420
Event: 4.692 Thread 0x000002417ea742c0 Thread added: 0x000002417f49fa40
Event: 4.908 Thread 0x000002417ea742c0 Thread added: 0x000002417f4997d0
Event: 6.674 Thread 0x000002417ea742c0 Thread added: 0x000002417f49e690
Event: 7.449 Thread 0x000002417ea742c0 Thread added: 0x000002417f49b8a0


Dynamic libraries:
0x00007ff7978a0000 - 0x00007ff7978ae000 	C:\Users\user\.vscode\extensions\redhat.java-1.54.0-win32-x64\jre\21.0.10-win32-x86_64\bin\java.exe
0x00007ffa7b770000 - 0x00007ffa7b988000 	C:\Windows\SYSTEM32\ntdll.dll
0x00007ffa79a80000 - 0x00007ffa79b44000 	C:\Windows\System32\KERNEL32.DLL
0x00007ffa79030000 - 0x00007ffa79403000 	C:\Windows\System32\KERNELBASE.dll
0x00007ffa78eb0000 - 0x00007ffa78fc1000 	C:\Windows\System32\ucrtbase.dll
0x00007ffa60e80000 - 0x00007ffa60e98000 	C:\Users\user\.vscode\extensions\redhat.java-1.54.0-win32-x64\jre\21.0.10-win32-x86_64\bin\jli.dll
0x00007ffa592e0000 - 0x00007ffa592fe000 	C:\Users\user\.vscode\extensions\redhat.java-1.54.0-win32-x64\jre\21.0.10-win32-x86_64\bin\VCRUNTIME140.dll
0x00007ffa79c00000 - 0x00007ffa79db2000 	C:\Windows\System32\USER32.dll
0x00007ffa79000000 - 0x00007ffa79026000 	C:\Windows\System32\win32u.dll
0x00007ffa613a0000 - 0x00007ffa6163c000 	C:\Windows\WinSxS\amd64_microsoft.windows.common-controls_6595b64144ccf1df_6.0.22621.6060_none_2712eda17382d24b\COMCTL32.dll
0x00007ffa79dc0000 - 0x00007ffa79de9000 	C:\Windows\System32\GDI32.dll
0x00007ffa79b50000 - 0x00007ffa79bf7000 	C:\Windows\System32\msvcrt.dll
0x00007ffa78b60000 - 0x00007ffa78c7b000 	C:\Windows\System32\gdi32full.dll
0x00007ffa78ac0000 - 0x00007ffa78b5a000 	C:\Windows\System32\msvcp_win.dll
0x00007ffa7b2d0000 - 0x00007ffa7b301000 	C:\Windows\System32\IMM32.DLL
0x00007ffa65800000 - 0x00007ffa6580c000 	C:\Users\user\.vscode\extensions\redhat.java-1.54.0-win32-x64\jre\21.0.10-win32-x86_64\bin\vcruntime140_1.dll
0x00007ffa3c5b0000 - 0x00007ffa3c63d000 	C:\Users\user\.vscode\extensions\redhat.java-1.54.0-win32-x64\jre\21.0.10-win32-x86_64\bin\msvcp140.dll
0x00007ff9f2d90000 - 0x00007ff9f3b31000 	C:\Users\user\.vscode\extensions\redhat.java-1.54.0-win32-x64\jre\21.0.10-win32-x86_64\bin\server\jvm.dll
0x00007ffa7b200000 - 0x00007ffa7b2b1000 	C:\Windows\System32\ADVAPI32.dll
0x00007ffa7a500000 - 0x00007ffa7a5a8000 	C:\Windows\System32\sechost.dll
0x00007ffa78fd0000 - 0x00007ffa78ff8000 	C:\Windows\System32\bcrypt.dll
0x00007ffa7a670000 - 0x00007ffa7a788000 	C:\Windows\System32\RPCRT4.dll
0x00007ffa7b310000 - 0x00007ffa7b381000 	C:\Windows\System32\WS2_32.dll
0x00007ffa77690000 - 0x00007ffa776dd000 	C:\Windows\SYSTEM32\POWRPROF.dll
0x00007ffa76210000 - 0x00007ffa7621a000 	C:\Windows\SYSTEM32\VERSION.dll
0x00007ffa732a0000 - 0x00007ffa732d4000 	C:\Windows\SYSTEM32\WINMM.dll
0x00007ffa77670000 - 0x00007ffa77683000 	C:\Windows\SYSTEM32\UMPDC.dll
0x00007ffa77910000 - 0x00007ffa77928000 	C:\Windows\SYSTEM32\kernel.appcore.dll
0x00007ffa657c0000 - 0x00007ffa657ca000 	C:\Users\user\.vscode\extensions\redhat.java-1.54.0-win32-x64\jre\21.0.10-win32-x86_64\bin\jimage.dll
0x00007ffa75df0000 - 0x00007ffa76023000 	C:\Windows\SYSTEM32\DBGHELP.DLL
0x00007ffa7b390000 - 0x00007ffa7b721000 	C:\Windows\System32\combase.dll
0x00007ffa799a0000 - 0x00007ffa79a78000 	C:\Windows\System32\OLEAUT32.dll
0x00007ffa66ae0000 - 0x00007ffa66b12000 	C:\Windows\SYSTEM32\dbgcore.DLL
0x00007ffa78880000 - 0x00007ffa788fb000 	C:\Windows\System32\bcryptPrimitives.dll
0x00007ffa5ff80000 - 0x00007ffa5ff8f000 	C:\Users\user\.vscode\extensions\redhat.java-1.54.0-win32-x64\jre\21.0.10-win32-x86_64\bin\instrument.dll
0x00007ffa587e0000 - 0x00007ffa58800000 	C:\Users\user\.vscode\extensions\redhat.java-1.54.0-win32-x64\jre\21.0.10-win32-x86_64\bin\java.dll
0x00007ffa7a7a0000 - 0x00007ffa7b03c000 	C:\Windows\System32\SHELL32.dll
0x00007ffa78980000 - 0x00007ffa78abf000 	C:\Windows\System32\wintypes.dll
0x00007ffa76740000 - 0x00007ffa7705a000 	C:\Windows\SYSTEM32\windows.storage.dll
0x00007ffa7a240000 - 0x00007ffa7a344000 	C:\Windows\System32\SHCORE.dll
0x00007ffa7a110000 - 0x00007ffa7a179000 	C:\Windows\System32\shlwapi.dll
0x00007ffa787b0000 - 0x00007ffa787d5000 	C:\Windows\SYSTEM32\profapi.dll
0x00007ffa584f0000 - 0x00007ffa58508000 	C:\Users\user\.vscode\extensions\redhat.java-1.54.0-win32-x64\jre\21.0.10-win32-x86_64\bin\zip.dll
0x00007ffa63770000 - 0x00007ffa63780000 	C:\Users\user\.vscode\extensions\redhat.java-1.54.0-win32-x64\jre\21.0.10-win32-x86_64\bin\net.dll
0x00007ffa755e0000 - 0x00007ffa7570c000 	C:\Windows\SYSTEM32\WINHTTP.dll
0x00007ffa77dd0000 - 0x00007ffa77e39000 	C:\Windows\system32\mswsock.dll
0x00007ffa53cc0000 - 0x00007ffa53cd6000 	C:\Users\user\.vscode\extensions\redhat.java-1.54.0-win32-x64\jre\21.0.10-win32-x86_64\bin\nio.dll
0x00007ffa5e410000 - 0x00007ffa5e420000 	C:\Users\user\.vscode\extensions\redhat.java-1.54.0-win32-x64\jre\21.0.10-win32-x86_64\bin\verify.dll
0x00007ffa4f440000 - 0x00007ffa4f467000 	C:\Users\user\.gradle\native\68d5fa5c4cc2d200863cafc0d521ce42e7d3e7ee720ec0a83991735586a16f82\windows-amd64\native-platform.dll
0x00007ffa04060000 - 0x00007ffa041a4000 	C:\Users\user\.gradle\native\e376f236ea51e6404a007f0833ffe2c6e607c4080706a723a18a27aeea778392\windows-amd64\native-platform-file-events.dll
0x00007ffa5da30000 - 0x00007ffa5da3a000 	C:\Users\user\.vscode\extensions\redhat.java-1.54.0-win32-x64\jre\21.0.10-win32-x86_64\bin\management.dll
0x00007ffa5d970000 - 0x00007ffa5d97c000 	C:\Users\user\.vscode\extensions\redhat.java-1.54.0-win32-x64\jre\21.0.10-win32-x86_64\bin\management_ext.dll
0x00007ffa7a660000 - 0x00007ffa7a668000 	C:\Windows\System32\PSAPI.DLL
0x00007ffa78120000 - 0x00007ffa7813b000 	C:\Windows\SYSTEM32\CRYPTSP.dll
0x00007ffa77870000 - 0x00007ffa778a7000 	C:\Windows\system32\rsaenh.dll
0x00007ffa77e70000 - 0x00007ffa77e98000 	C:\Windows\SYSTEM32\USERENV.dll
0x00007ffa78100000 - 0x00007ffa7810c000 	C:\Windows\SYSTEM32\CRYPTBASE.dll
0x00007ffa77330000 - 0x00007ffa7735d000 	C:\Windows\SYSTEM32\IPHLPAPI.DLL
0x00007ffa7a1a0000 - 0x00007ffa7a1a9000 	C:\Windows\System32\NSI.dll
0x00007ffa61100000 - 0x00007ffa61109000 	C:\Users\user\.vscode\extensions\redhat.java-1.54.0-win32-x64\jre\21.0.10-win32-x86_64\bin\extnet.dll
0x00007ffa62e70000 - 0x00007ffa62e7e000 	C:\Users\user\.vscode\extensions\redhat.java-1.54.0-win32-x64\jre\21.0.10-win32-x86_64\bin\sunmscapi.dll
0x00007ffa78c80000 - 0x00007ffa78de8000 	C:\Windows\System32\CRYPT32.dll
0x00007ffa78240000 - 0x00007ffa7826e000 	C:\Windows\SYSTEM32\ncrypt.dll
0x00007ffa78200000 - 0x00007ffa78237000 	C:\Windows\SYSTEM32\NTASN1.dll
0x00007ffa62c70000 - 0x00007ffa62c78000 	C:\Windows\system32\wshunix.dll

JVMTI agents:
C:\Users\user\.gradle\wrapper\dists\gradle-8.3-all\6en3ugtfdg5xnpx44z4qbwgas\gradle-8.3\lib\agents\gradle-instrumentation-agent-8.3.jar path:C:\Users\user\.vscode\extensions\redhat.java-1.54.0-win32-x64\jre\21.0.10-win32-x86_64\bin\instrument.dll, loaded, initialized, instrumentlib options:none

dbghelp: loaded successfully - version: 4.0.5 - missing functions: none
symbol engine: initialized successfully - sym options: 0x614 - pdb path: .;C:\Users\user\.vscode\extensions\redhat.java-1.54.0-win32-x64\jre\21.0.10-win32-x86_64\bin;C:\Windows\SYSTEM32;C:\Windows\WinSxS\amd64_microsoft.windows.common-controls_6595b64144ccf1df_6.0.22621.6060_none_2712eda17382d24b;C:\Users\user\.vscode\extensions\redhat.java-1.54.0-win32-x64\jre\21.0.10-win32-x86_64\bin\server;C:\Users\user\.gradle\native\68d5fa5c4cc2d200863cafc0d521ce42e7d3e7ee720ec0a83991735586a16f82\windows-amd64;C:\Users\user\.gradle\native\e376f236ea51e6404a007f0833ffe2c6e607c4080706a723a18a27aeea778392\windows-amd64

VM Arguments:
jvm_args: -XX:MaxMetaspaceSize=2G -XX:+HeapDumpOnOutOfMemoryError --add-opens=java.base/java.util=ALL-UNNAMED --add-opens=java.base/java.lang=ALL-UNNAMED --add-opens=java.base/java.lang.invoke=ALL-UNNAMED --add-opens=java.prefs/java.util.prefs=ALL-UNNAMED --add-opens=java.base/java.nio.charset=ALL-UNNAMED --add-opens=java.base/java.net=ALL-UNNAMED --add-opens=java.base/java.util.concurrent.atomic=ALL-UNNAMED -Xmx4G -Dfile.encoding=utf8 -Duser.country=US -Duser.language=en -Duser.variant -javaagent:C:\Users\user\.gradle\wrapper\dists\gradle-8.3-all\6en3ugtfdg5xnpx44z4qbwgas\gradle-8.3\lib\agents\gradle-instrumentation-agent-8.3.jar 
java_command: org.gradle.launcher.daemon.bootstrap.GradleDaemon 8.3
java_class_path (initial): C:\Users\user\.gradle\wrapper\dists\gradle-8.3-all\6en3ugtfdg5xnpx44z4qbwgas\gradle-8.3\lib\gradle-launcher-8.3.jar
Launcher Type: SUN_STANDARD

[Global flags]
     intx CICompilerCount                          = 4                                         {product} {ergonomic}
     uint ConcGCThreads                            = 2                                         {product} {ergonomic}
     uint G1ConcRefinementThreads                  = 8                                         {product} {ergonomic}
   size_t G1HeapRegionSize                         = 2097152                                   {product} {ergonomic}
    uintx GCDrainStackTargetSize                   = 64                                        {product} {ergonomic}
     bool HeapDumpOnOutOfMemoryError               = true                                   {manageable} {command line}
   size_t InitialHeapSize                          = 132120576                                 {product} {ergonomic}
   size_t MarkStackSize                            = 4194304                                   {product} {ergonomic}
   size_t MaxHeapSize                              = 4294967296                                {product} {command line}
   size_t MaxMetaspaceSize                         = 2147483648                                {product} {command line}
   size_t MaxNewSize                               = 2575302656                                {product} {ergonomic}
   size_t MinHeapDeltaBytes                        = 2097152                                   {product} {ergonomic}
   size_t MinHeapSize                              = 8388608                                   {product} {ergonomic}
    uintx NonNMethodCodeHeapSize                   = 5839372                                {pd product} {ergonomic}
    uintx NonProfiledCodeHeapSize                  = 122909434                              {pd product} {ergonomic}
    uintx ProfiledCodeHeapSize                     = 122909434                              {pd product} {ergonomic}
    uintx ReservedCodeCacheSize                    = 251658240                              {pd product} {ergonomic}
     bool SegmentedCodeCache                       = true                                      {product} {ergonomic}
   size_t SoftMaxHeapSize                          = 4294967296                             {manageable} {ergonomic}
     bool UseCompressedOops                        = true                           {product lp64_product} {ergonomic}
     bool UseG1GC                                  = true                                      {product} {ergonomic}
     bool UseLargePagesIndividualAllocation        = false                                  {pd product} {ergonomic}

Logging:
Log output configuration:
 #0: stdout all=warning uptime,level,tags foldmultilines=false
 #1: stderr all=off uptime,level,tags foldmultilines=false

Release file:
JAVA_VERSION="21.0.10" 
MODULES="java.base java.compiler java.datatransfer java.xml java.prefs java.desktop java.instrument java.logging java.management java.security.sasl java.naming java.rmi java.management.rmi java.net.http java.scripting java.security.jgss java.transaction.xa java.sql java.sql.rowset java.xml.crypto java.se java.smartcardio jdk.accessibility jdk.internal.jvmstat jdk.attach jdk.charsets jdk.internal.opt jdk.zipfs jdk.compiler jdk.crypto.ec jdk.crypto.cryptoki jdk.crypto.mscapi jdk.dynalink jdk.internal.ed jdk.editpad jdk.hotspot.agent jdk.httpserver jdk.internal.le jdk.internal.vm.ci jdk.internal.vm.compiler jdk.internal.vm.compiler.management jdk.jartool jdk.javadoc jdk.jcmd jdk.management jdk.management.agent jdk.jconsole jdk.jdeps jdk.jdwp.agent jdk.jdi jdk.jfr jdk.jshell jdk.jsobject jdk.jstatd jdk.localedata jdk.management.jfr jdk.naming.dns jdk.naming.rmi jdk.net jdk.nio.mapmode jdk.random jdk.sctp jdk.security.auth jdk.security.jgss jdk.unsupported jdk.unsupported.desktop jdk.xml.dom" 

Environment Variables:
JAVA_HOME=C:\Program Files\Java\jdk-22
PATH=C:\Program Files (x86)\Common Files\Oracle\Java\java8path;C:\Program Files (x86)\Common Files\Oracle\Java\javapath;C:\Python312\Scripts\;C:\Python312\;C:\Windows\system32;C:\Windows;C:\Windows\System32\Wbem;C:\Windows\System32\WindowsPowerShell\v1.0\;C:\Windows\System32\OpenSSH\;C:\Program Files\Intel\WiFi\bin\;C:\Program Files\Common Files\Intel\WirelessCommon\;C:\Program Files\Java\jdk-22\bin;C:\ProgramData\chocolatey\bin;C:\Users\user\AppData\Roaming\Python\Python312\Scripts;C:\Users\user\AppData\Roaming\nvm;C:\nvm4w\nodejs;C:\Users\user\Downloads\apache-maven-3.9.9-bin\apache-maven-3.9.9\bin;%JAVA_HOME%\bin;C:\Program Files\dotnet\;C:\Program Files\Git\cmd;C:\Users\user\AppData\Local\Android\Sdk\cmdline-tools\latest\bin;C:\Program Files\PostgreSQL\17\bin;C:\Users\user\AppData\Local\Programs\Eclipse Adoptium\jdk-25.0.2.10-hotspot\bin;C:\Users\user\AppData\Local\Microsoft\WindowsApps;C:\Users\user\AppData\Local\Programs\Microsoft VS Code\bin;C:\Users\user\AppData\Local\GitHubDesktop\bin;C:\Users\user\AppData\Roaming\npm;C:\flutter\bin;C:\Flutter\flutter\bin;C:\Users\user\Flutter\flutter\bin;C:\Users\user\AppData\Roaming\nvm;C:\nvm4w\nodejs;C:\Users\user\AppData\Roaming\nvm;C:\Program Files\Java\jdk-22\bin;
USERNAME=user
OS=Windows_NT
PROCESSOR_IDENTIFIER=Intel64 Family 6 Model 142 Stepping 10, GenuineIntel
TMP=C:\Users\user\AppData\Local\Temp
TEMP=C:\Users\user\AppData\Local\Temp




Periodic native trim disabled

---------------  S Y S T E M  ---------------

OS:
 Windows 11 , 64 bit Build 22621 (10.0.22621.5415)
OS uptime: 0 days 15:17 hours
Hyper-V role detected

CPU: total 8 (initial active 8) (4 cores per cpu, 2 threads per core) family 6 model 142 stepping 10 microcode 0xf6, cx8, cmov, fxsr, ht, mmx, 3dnowpref, sse, sse2, sse3, ssse3, sse4.1, sse4.2, popcnt, lzcnt, tsc, tscinvbit, avx, avx2, aes, erms, clmul, bmi1, bmi2, rtm, adx, fma, vzeroupper, clflush, clflushopt, hv, rdtscp, f16c
Processor Information for processor 0
  Max Mhz: 1896, Current Mhz: 1496, Mhz Limit: 1687
Processor Information for processor 1
  Max Mhz: 1896, Current Mhz: 1496, Mhz Limit: 1687
Processor Information for processor 2
  Max Mhz: 1896, Current Mhz: 1496, Mhz Limit: 1687
Processor Information for processor 3
  Max Mhz: 1896, Current Mhz: 1496, Mhz Limit: 1687
Processor Information for processor 4
  Max Mhz: 1896, Current Mhz: 1496, Mhz Limit: 1687
Processor Information for processor 5
  Max Mhz: 1896, Current Mhz: 1696, Mhz Limit: 1687
Processor Information for processor 6
  Max Mhz: 1896, Current Mhz: 1696, Mhz Limit: 1687
Processor Information for processor 7
  Max Mhz: 1896, Current Mhz: 1496, Mhz Limit: 1687

Memory: 4k page, system-wide physical 8030M (245M free)
TotalPageFile size 12606M (AvailPageFile size 16M)
current process WorkingSet (physical memory assigned to process): 267M, peak: 267M
current process commit charge ("private bytes"): 303M, peak: 305M

vm_info: OpenJDK 64-Bit Server VM (21.0.10+7-LTS) for windows-amd64 JRE (21.0.10+7-LTS), built on 2026-01-20T00:00:00Z by "admin" with MS VC++ 17.12 (VS2022)

END.
