#
# There is insufficient memory for the Java Runtime Environment to continue.
# Native memory allocation (malloc) failed to allocate 32744 bytes. Error detail: Chunk::new
# Possible reasons:
#   The system is out of physical RAM or swap space
#   This process is running with CompressedOops enabled, and the Java Heap may be blocking the growth of the native heap
# Possible solutions:
#   Reduce memory load on the system
#   Increase physical memory or swap space
#   Check if swap backing store is full
#   Decrease Java heap size (-Xmx/-Xms)
#   Decrease number of Java threads
#   Decrease Java thread stack sizes (-Xss)
#   Set larger code cache with -XX:ReservedCodeCacheSize=
#   JVM is running with Unscaled Compressed Oops mode in which the Java heap is
#     placed in the first 4GB address space. The Java Heap base address is the
#     maximum limit for the native heap growth. Please use -XX:HeapBaseMinAddress
#     to set the Java Heap base and to place the Java Heap above 4GB virtual address.
# This output file may be truncated or incomplete.
#
#  Out of Memory Error (arena.cpp:168), pid=12560, tid=15004
#
# JRE version: OpenJDK Runtime Environment Temurin-21.0.10+7 (21.0.10+7) (build 21.0.10+7-LTS)
# Java VM: OpenJDK 64-Bit Server VM Temurin-21.0.10+7 (21.0.10+7-LTS, mixed mode, sharing, tiered, compressed oops, compressed class ptrs, parallel gc, windows-amd64)
# No core dump will be written. Minidumps are not enabled by default on client versions of Windows
#

---------------  S U M M A R Y ------------

Command Line: --add-modules=ALL-SYSTEM --add-opens=java.base/java.util=ALL-UNNAMED --add-opens=java.base/java.lang=ALL-UNNAMED --add-opens=java.base/sun.nio.fs=ALL-UNNAMED -Declipse.application=org.eclipse.jdt.ls.core.id1 -Dosgi.bundles.defaultStartLevel=4 -Declipse.product=org.eclipse.jdt.ls.core.product -Djava.import.generatesMetadataFilesAtProjectRoot=false -DDetectVMInstallationsJob.disabled=true -Dfile.encoding=utf8 -XX:+UseParallelGC -XX:GCTimeRatio=4 -XX:AdaptiveSizePolicyWeight=90 -Dsun.zip.disableMemoryMapping=true -Xmx2G -Xms100m -Xlog:disable -javaagent:c:\Users\user\.vscode\extensions\redhat.java-1.54.0-win32-x64\lombok\lombok-1.18.39-4050.jar c:\Users\user\.vscode\extensions\redhat.java-1.54.0-win32-x64\server\plugins\org.eclipse.equinox.launcher_1.7.100.v20251111-0406.jar -configuration c:\Users\user\AppData\Roaming\Code\User\globalStorage\redhat.java\1.54.0\config_ss_win -data c:\Users\user\AppData\Roaming\Code\User\workspaceStorage\d87f7befde66361a7ef60e5468aa4079\redhat.java\ss_ws --pipe=\\.\pipe\lsp-83e6520242b75425bae5911b498c8276-sock

Host: Intel(R) Core(TM) i5-8350U CPU @ 1.70GHz, 8 cores, 7G,  Windows 11 , 64 bit Build 22621 (10.0.22621.5415)
Time: Wed Apr 29 10:56:51 2026 E. Africa Standard Time elapsed time: 7.785634 seconds (0d 0h 0m 7s)

---------------  T H R E A D  ---------------

Current thread (0x0000022cf8b79d20):  JavaThread "C1 CompilerThread0" daemon [_thread_in_native, id=15004, stack(0x000000cb15100000,0x000000cb15200000) (1024K)]


Current CompileTask:
C1:7785 2608 %     3       org.lombokweb.asm.SymbolTable::<init> @ 98 (554 bytes)

Stack: [0x000000cb15100000,0x000000cb15200000]
Native frames: (J=compiled Java code, j=interpreted, Vv=VM code, C=native code)
V  [jvm.dll+0x6d7a39]
V  [jvm.dll+0x8b4b26]
V  [jvm.dll+0x8b70de]
V  [jvm.dll+0x8b77c3]
V  [jvm.dll+0x284346]
V  [jvm.dll+0xc66ed]
V  [jvm.dll+0xc6c31]
V  [jvm.dll+0x18185d]
V  [jvm.dll+0x18d770]
V  [jvm.dll+0x18d871]
V  [jvm.dll+0x1831b4]
V  [jvm.dll+0x18057e]
V  [jvm.dll+0x16e690]
V  [jvm.dll+0x157327]
V  [jvm.dll+0x156c57]
V  [jvm.dll+0x156e84]
V  [jvm.dll+0x15629c]
V  [jvm.dll+0x15802d]
V  [jvm.dll+0x25b85d]
V  [jvm.dll+0x259dea]
V  [jvm.dll+0x3f857e]
V  [jvm.dll+0x85f59d]
V  [jvm.dll+0x6d626d]
C  [ucrtbase.dll+0x29333]
C  [KERNEL32.DLL+0x1259d]
C  [ntdll.dll+0x5af78]


---------------  P R O C E S S  ---------------

Threads class SMR info:
_java_thread_list=0x0000022cfd64f8c0, length=18, elements={
0x0000022ce080ce00, 0x0000022cf727c3a0, 0x0000022cf727dcb0, 0x0000022cf727ebd0,
0x0000022cf727faf0, 0x0000022cf7281fb0, 0x0000022cf7285a30, 0x0000022cf72867c0,
0x0000022cf8b79d20, 0x0000022cf8cfadf0, 0x0000022cf8e2e030, 0x0000022cfd2e1030,
0x0000022cfd76c4d0, 0x0000022cfd7619e0, 0x0000022cfd7086a0, 0x0000022cfd8d6080,
0x0000022cfd4d5a80, 0x0000022cf8be2930
}

Java Threads: ( => current thread )
  0x0000022ce080ce00 JavaThread "main"                              [_thread_blocked, id=20180, stack(0x000000cb14500000,0x000000cb14600000) (1024K)]
  0x0000022cf727c3a0 JavaThread "Reference Handler"          daemon [_thread_blocked, id=16836, stack(0x000000cb14a00000,0x000000cb14b00000) (1024K)]
  0x0000022cf727dcb0 JavaThread "Finalizer"                  daemon [_thread_blocked, id=19548, stack(0x000000cb14b00000,0x000000cb14c00000) (1024K)]
  0x0000022cf727ebd0 JavaThread "Signal Dispatcher"          daemon [_thread_blocked, id=14096, stack(0x000000cb14c00000,0x000000cb14d00000) (1024K)]
  0x0000022cf727faf0 JavaThread "Attach Listener"            daemon [_thread_blocked, id=4344, stack(0x000000cb14d00000,0x000000cb14e00000) (1024K)]
  0x0000022cf7281fb0 JavaThread "Service Thread"             daemon [_thread_blocked, id=9188, stack(0x000000cb14e00000,0x000000cb14f00000) (1024K)]
  0x0000022cf7285a30 JavaThread "Monitor Deflation Thread"   daemon [_thread_blocked, id=4140, stack(0x000000cb14f00000,0x000000cb15000000) (1024K)]
  0x0000022cf72867c0 JavaThread "C2 CompilerThread0"         daemon [_thread_in_native, id=8344, stack(0x000000cb15000000,0x000000cb15100000) (1024K)]
=>0x0000022cf8b79d20 JavaThread "C1 CompilerThread0"         daemon [_thread_in_native, id=15004, stack(0x000000cb15100000,0x000000cb15200000) (1024K)]
  0x0000022cf8cfadf0 JavaThread "Common-Cleaner"             daemon [_thread_blocked, id=15348, stack(0x000000cb15200000,0x000000cb15300000) (1024K)]
  0x0000022cf8e2e030 JavaThread "Notification Thread"        daemon [_thread_blocked, id=18776, stack(0x000000cb15400000,0x000000cb15500000) (1024K)]
  0x0000022cfd2e1030 JavaThread "Active Thread: Equinox Container: 5d865ff0-0cce-422f-8e38-e09d07da2a6a"        [_thread_blocked, id=13216, stack(0x000000cb15300000,0x000000cb15400000) (1024K)]
  0x0000022cfd76c4d0 JavaThread "Framework Event Dispatcher: Equinox Container: 5d865ff0-0cce-422f-8e38-e09d07da2a6a" daemon [_thread_blocked, id=14400, stack(0x000000cb15c00000,0x000000cb15d00000) (1024K)]
  0x0000022cfd7619e0 JavaThread "Start Level: Equinox Container: 5d865ff0-0cce-422f-8e38-e09d07da2a6a" daemon [_thread_in_native, id=6056, stack(0x000000cb15d00000,0x000000cb15e00000) (1024K)]
  0x0000022cfd7086a0 JavaThread "SCR Component Actor"        daemon [_thread_blocked, id=18320, stack(0x000000cb15e00000,0x000000cb15f00000) (1024K)]
  0x0000022cfd8d6080 JavaThread "Worker-JM"                         [_thread_blocked, id=4920, stack(0x000000cb15f00000,0x000000cb16000000) (1024K)]
  0x0000022cfd4d5a80 JavaThread "Worker-0"                          [_thread_blocked, id=17488, stack(0x000000cb16100000,0x000000cb16200000) (1024K)]
  0x0000022cf8be2930 JavaThread "Worker-1"                          [_thread_blocked, id=3152, stack(0x000000cb16200000,0x000000cb16300000) (1024K)]
Total: 18

Other Threads:
  0x0000022cf7262c10 VMThread "VM Thread"                           [id=13684, stack(0x000000cb14900000,0x000000cb14a00000) (1024K)]
  0x0000022ce0876330 WatcherThread "VM Periodic Task Thread"        [id=18976, stack(0x000000cb14800000,0x000000cb14900000) (1024K)]
  0x0000022ce082a350 WorkerThread "GC Thread#0"                     [id=15400, stack(0x000000cb14700000,0x000000cb14800000) (1024K)]
  0x0000022cfd454ab0 WorkerThread "GC Thread#1"                     [id=14600, stack(0x000000cb15600000,0x000000cb15700000) (1024K)]
  0x0000022cfd454e60 WorkerThread "GC Thread#2"                     [id=11164, stack(0x000000cb15700000,0x000000cb15800000) (1024K)]
  0x0000022cfd44f7d0 WorkerThread "GC Thread#3"                     [id=19832, stack(0x000000cb15800000,0x000000cb15900000) (1024K)]
  0x0000022cfd44fb80 WorkerThread "GC Thread#4"                     [id=12952, stack(0x000000cb15900000,0x000000cb15a00000) (1024K)]
  0x0000022cfd44ff30 WorkerThread "GC Thread#5"                     [id=16176, stack(0x000000cb15a00000,0x000000cb15b00000) (1024K)]
  0x0000022cfd358520 WorkerThread "GC Thread#6"                     [id=1480, stack(0x000000cb15b00000,0x000000cb15c00000) (1024K)]
  0x0000022cfd903c20 WorkerThread "GC Thread#7"                     [id=13788, stack(0x000000cb15500000,0x000000cb15600000) (1024K)]
Total: 10

Threads with active compile tasks:
C2 CompilerThread0  7833 2601       4       org.lombokweb.asm.ClassReader::readMethod (1070 bytes)
C1 CompilerThread0  7833 2608 %     3       org.lombokweb.asm.SymbolTable::<init> @ 98 (554 bytes)
Total: 2

VM state: not at safepoint (normal execution)

VM Mutex/Monitor currently owned by a thread: None

Heap address: 0x0000000080000000, size: 2048 MB, Compressed Oops mode: 32-bit

CDS archive(s) mapped at: [0x0000022c80000000-0x0000022c80ba0000-0x0000022c80ba0000), size 12189696, SharedBaseAddress: 0x0000022c80000000, ArchiveRelocationMode: 1.
Compressed class space mapped at: 0x0000022c81000000-0x0000022cc1000000, reserved size: 1073741824
Narrow klass base: 0x0000022c80000000, Narrow klass shift: 0, Narrow klass range: 0x100000000

GC Precious Log:
 CardTable entry size: 512
 CPUs: 8 total, 8 available
 Memory: 8030M
 Large Page Support: Disabled
 NUMA Support: Disabled
 Compressed Oops: Enabled (32-bit)
 Alignments: Space 512K, Generation 512K, Heap 2M
 Heap Min Capacity: 100M
 Heap Initial Capacity: 100M
 Heap Max Capacity: 2G
 Pre-touch: Disabled
 Parallel Workers: 8

Heap:
 PSYoungGen      total 29696K, used 22003K [0x00000000d5580000, 0x00000000d7680000, 0x0000000100000000)
  eden space 25600K, 69% used [0x00000000d5580000,0x00000000d66fdc48,0x00000000d6e80000)
  from space 4096K, 99% used [0x00000000d7280000,0x00000000d767f170,0x00000000d7680000)
  to   space 4096K, 0% used [0x00000000d6e80000,0x00000000d6e80000,0x00000000d7280000)
 ParOldGen       total 68608K, used 5452K [0x0000000080000000, 0x0000000084300000, 0x00000000d5580000)
  object space 68608K, 7% used [0x0000000080000000,0x00000000805533a0,0x0000000084300000)
 Metaspace       used 19107K, committed 19712K, reserved 1114112K
  class space    used 1876K, committed 2176K, reserved 1048576K

Card table byte_map: [0x0000022ce01c0000,0x0000022ce05d0000] _byte_map_base: 0x0000022cdfdc0000

Marking Bits: (ParMarkBitMap*) 0x00007ff9de4f3450
 Begin Bits: [0x0000022cf2cc0000, 0x0000022cf4cc0000)
 End Bits:   [0x0000022cf4cc0000, 0x0000022cf6cc0000)

Polling page: 0x0000022cde6f0000

Metaspace:

Usage:
  Non-class:     16.83 MB used.
      Class:      1.83 MB used.
       Both:     18.66 MB used.

Virtual space:
  Non-class space:       64.00 MB reserved,      17.12 MB ( 27%) committed,  1 nodes.
      Class space:        1.00 GB reserved,       2.12 MB ( <1%) committed,  1 nodes.
             Both:        1.06 GB reserved,      19.25 MB (  2%) committed. 

Chunk freelists:
   Non-Class:  14.06 MB
       Class:  13.92 MB
        Both:  27.99 MB

MaxMetaspaceSize: unlimited
CompressedClassSpaceSize: 1.00 GB
Initial GC threshold: 21.00 MB
Current GC threshold: 21.00 MB
CDS: on
 - commit_granule_bytes: 65536.
 - commit_granule_words: 8192.
 - virtual_space_node_default_size: 8388608.
 - enlarge_chunks_in_place: 1.
 - use_allocation_guard: 0.


Internal statistics:

num_allocs_failed_limit: 0.
num_arena_births: 474.
num_arena_deaths: 0.
num_vsnodes_births: 2.
num_vsnodes_deaths: 0.
num_space_committed: 308.
num_space_uncommitted: 0.
num_chunks_returned_to_freelist: 0.
num_chunks_taken_from_freelist: 1177.
num_chunk_merges: 0.
num_chunk_splits: 764.
num_chunks_enlarged: 492.
num_inconsistent_stats: 0.

CodeHeap 'non-profiled nmethods': size=120000Kb used=1149Kb max_used=1149Kb free=118850Kb
 bounds [0x0000022ceb4e0000, 0x0000022ceb750000, 0x0000022cf2a10000]
CodeHeap 'profiled nmethods': size=120000Kb used=5020Kb max_used=5020Kb free=114979Kb
 bounds [0x0000022ce3a10000, 0x0000022ce3f00000, 0x0000022ceaf40000]
CodeHeap 'non-nmethods': size=5760Kb used=1292Kb max_used=1306Kb free=4467Kb
 bounds [0x0000022ceaf40000, 0x0000022ceb1b0000, 0x0000022ceb4e0000]
CodeCache: size=245760Kb, used=7461Kb, max_used=7475Kb, free=238296Kb
 total_blobs=3174, nmethods=2602, adapters=478, full_count=0
Compilation: enabled, stopped_count=0, restarted_count=0

Compilation events (20 events):
Event: 7.714 Thread 0x0000022cf8b79d20 nmethod 2596 0x0000022ce3eedb90 code [0x0000022ce3eedd60, 0x0000022ce3eedfd0]
Event: 7.714 Thread 0x0000022cf8b79d20 2597 %     3       org.lombokweb.asm.ClassReader::<init> @ 95 (359 bytes)
Event: 7.716 Thread 0x0000022cf8b79d20 nmethod 2597% 0x0000022ce3eee110 code [0x0000022ce3eee420, 0x0000022ce3eef7e8]
Event: 7.716 Thread 0x0000022cf72867c0 nmethod 2598 0x0000022ceb5ff110 code [0x0000022ceb5ff2a0, 0x0000022ceb5ff448]
Event: 7.716 Thread 0x0000022cf8b79d20 2599       3       java.util.Arrays::fill (21 bytes)
Event: 7.717 Thread 0x0000022cf8b79d20 nmethod 2599 0x0000022ce3eefe10 code [0x0000022ce3eeffc0, 0x0000022ce3ef0158]
Event: 7.717 Thread 0x0000022cf8b79d20 2600       3       org.lombokweb.asm.SymbolTable::put (150 bytes)
Event: 7.717 Thread 0x0000022cf8b79d20 nmethod 2600 0x0000022ce3ef0290 code [0x0000022ce3ef0480, 0x0000022ce3ef0b90]
Event: 7.718 Thread 0x0000022cf72867c0 2601       4       org.lombokweb.asm.ClassReader::readMethod (1070 bytes)
Event: 7.718 Thread 0x0000022cf8b79d20 2602       3       java.util.regex.Pattern$GroupTail::match (111 bytes)
Event: 7.718 Thread 0x0000022cf8b79d20 nmethod 2602 0x0000022ce3ef0e90 code [0x0000022ce3ef1060, 0x0000022ce3ef1410]
Event: 7.719 Thread 0x0000022cf8b79d20 2603       3       java.lang.String::split (242 bytes)
Event: 7.722 Thread 0x0000022cf8b79d20 nmethod 2603 0x0000022ce3ef1610 code [0x0000022ce3ef1a00, 0x0000022ce3ef3a18]
Event: 7.740 Thread 0x0000022cf8b79d20 2604       3       java.util.concurrent.locks.ReentrantLock$Sync::tryLockNanos (36 bytes)
Event: 7.741 Thread 0x0000022cf8b79d20 nmethod 2604 0x0000022ce3ef4710 code [0x0000022ce3ef4920, 0x0000022ce3ef4ec0]
Event: 7.749 Thread 0x0000022cf8b79d20 2606       2       jdk.internal.misc.Unsafe::allocateUninitializedArray (55 bytes)
Event: 7.749 Thread 0x0000022cf8b79d20 nmethod 2606 0x0000022ce3ef5090 code [0x0000022ce3ef5280, 0x0000022ce3ef55f0]
Event: 7.778 Thread 0x0000022cf8b79d20 2607       3       org.lombokweb.asm.ClassReader::<init> (359 bytes)
Event: 7.781 Thread 0x0000022cf8b79d20 nmethod 2607 0x0000022ce3ef5790 code [0x0000022ce3ef5a80, 0x0000022ce3ef6c40]
Event: 7.781 Thread 0x0000022cf8b79d20 2608 %     3       org.lombokweb.asm.SymbolTable::<init> @ 98 (554 bytes)

GC Heap History (8 events):
Event: 1.868 GC heap before
{Heap before GC invocations=1 (full 0):
 PSYoungGen      total 29696K, used 25600K [0x00000000d5580000, 0x00000000d7680000, 0x0000000100000000)
  eden space 25600K, 100% used [0x00000000d5580000,0x00000000d6e80000,0x00000000d6e80000)
  from space 4096K, 0% used [0x00000000d7280000,0x00000000d7280000,0x00000000d7680000)
  to   space 4096K, 0% used [0x00000000d6e80000,0x00000000d6e80000,0x00000000d7280000)
 ParOldGen       total 68608K, used 0K [0x0000000080000000, 0x0000000084300000, 0x00000000d5580000)
  object space 68608K, 0% used [0x0000000080000000,0x0000000080000000,0x0000000084300000)
 Metaspace       used 4373K, committed 4608K, reserved 1114112K
  class space    used 474K, committed 576K, reserved 1048576K
}
Event: 1.891 GC heap after
{Heap after GC invocations=1 (full 0):
 PSYoungGen      total 29696K, used 3280K [0x00000000d5580000, 0x00000000d7680000, 0x0000000100000000)
  eden space 25600K, 0% used [0x00000000d5580000,0x00000000d5580000,0x00000000d6e80000)
  from space 4096K, 80% used [0x00000000d6e80000,0x00000000d71b4148,0x00000000d7280000)
  to   space 4096K, 0% used [0x00000000d7280000,0x00000000d7280000,0x00000000d7680000)
 ParOldGen       total 68608K, used 0K [0x0000000080000000, 0x0000000084300000, 0x00000000d5580000)
  object space 68608K, 0% used [0x0000000080000000,0x0000000080000000,0x0000000084300000)
 Metaspace       used 4373K, committed 4608K, reserved 1114112K
  class space    used 474K, committed 576K, reserved 1048576K
}
Event: 4.133 GC heap before
{Heap before GC invocations=2 (full 0):
 PSYoungGen      total 29696K, used 28880K [0x00000000d5580000, 0x00000000d7680000, 0x0000000100000000)
  eden space 25600K, 100% used [0x00000000d5580000,0x00000000d6e80000,0x00000000d6e80000)
  from space 4096K, 80% used [0x00000000d6e80000,0x00000000d71b4148,0x00000000d7280000)
  to   space 4096K, 0% used [0x00000000d7280000,0x00000000d7280000,0x00000000d7680000)
 ParOldGen       total 68608K, used 0K [0x0000000080000000, 0x0000000084300000, 0x00000000d5580000)
  object space 68608K, 0% used [0x0000000080000000,0x0000000080000000,0x0000000084300000)
 Metaspace       used 8185K, committed 8512K, reserved 1114112K
  class space    used 870K, committed 1024K, reserved 1048576K
}
Event: 4.144 GC heap after
{Heap after GC invocations=2 (full 0):
 PSYoungGen      total 29696K, used 4092K [0x00000000d5580000, 0x00000000d7680000, 0x0000000100000000)
  eden space 25600K, 0% used [0x00000000d5580000,0x00000000d5580000,0x00000000d6e80000)
  from space 4096K, 99% used [0x00000000d7280000,0x00000000d767f008,0x00000000d7680000)
  to   space 4096K, 0% used [0x00000000d6e80000,0x00000000d6e80000,0x00000000d7280000)
 ParOldGen       total 68608K, used 1135K [0x0000000080000000, 0x0000000084300000, 0x00000000d5580000)
  object space 68608K, 1% used [0x0000000080000000,0x000000008011beb8,0x0000000084300000)
 Metaspace       used 8185K, committed 8512K, reserved 1114112K
  class space    used 870K, committed 1024K, reserved 1048576K
}
Event: 6.142 GC heap before
{Heap before GC invocations=3 (full 0):
 PSYoungGen      total 29696K, used 29692K [0x00000000d5580000, 0x00000000d7680000, 0x0000000100000000)
  eden space 25600K, 100% used [0x00000000d5580000,0x00000000d6e80000,0x00000000d6e80000)
  from space 4096K, 99% used [0x00000000d7280000,0x00000000d767f008,0x00000000d7680000)
  to   space 4096K, 0% used [0x00000000d6e80000,0x00000000d6e80000,0x00000000d7280000)
 ParOldGen       total 68608K, used 1135K [0x0000000080000000, 0x0000000084300000, 0x00000000d5580000)
  object space 68608K, 1% used [0x0000000080000000,0x000000008011beb8,0x0000000084300000)
 Metaspace       used 13045K, committed 13632K, reserved 1114112K
  class space    used 1381K, committed 1664K, reserved 1048576K
}
Event: 6.150 GC heap after
{Heap after GC invocations=3 (full 0):
 PSYoungGen      total 29696K, used 4082K [0x00000000d5580000, 0x00000000d7680000, 0x0000000100000000)
  eden space 25600K, 0% used [0x00000000d5580000,0x00000000d5580000,0x00000000d6e80000)
  from space 4096K, 99% used [0x00000000d6e80000,0x00000000d727c890,0x00000000d7280000)
  to   space 4096K, 0% used [0x00000000d7280000,0x00000000d7280000,0x00000000d7680000)
 ParOldGen       total 68608K, used 2930K [0x0000000080000000, 0x0000000084300000, 0x00000000d5580000)
  object space 68608K, 4% used [0x0000000080000000,0x00000000802dc948,0x0000000084300000)
 Metaspace       used 13045K, committed 13632K, reserved 1114112K
  class space    used 1381K, committed 1664K, reserved 1048576K
}
Event: 7.237 GC heap before
{Heap before GC invocations=4 (full 0):
 PSYoungGen      total 29696K, used 29682K [0x00000000d5580000, 0x00000000d7680000, 0x0000000100000000)
  eden space 25600K, 100% used [0x00000000d5580000,0x00000000d6e80000,0x00000000d6e80000)
  from space 4096K, 99% used [0x00000000d6e80000,0x00000000d727c890,0x00000000d7280000)
  to   space 4096K, 0% used [0x00000000d7280000,0x00000000d7280000,0x00000000d7680000)
 ParOldGen       total 68608K, used 2930K [0x0000000080000000, 0x0000000084300000, 0x00000000d5580000)
  object space 68608K, 4% used [0x0000000080000000,0x00000000802dc948,0x0000000084300000)
 Metaspace       used 15962K, committed 16576K, reserved 1114112K
  class space    used 1656K, committed 1920K, reserved 1048576K
}
Event: 7.247 GC heap after
{Heap after GC invocations=4 (full 0):
 PSYoungGen      total 29696K, used 4092K [0x00000000d5580000, 0x00000000d7680000, 0x0000000100000000)
  eden space 25600K, 0% used [0x00000000d5580000,0x00000000d5580000,0x00000000d6e80000)
  from space 4096K, 99% used [0x00000000d7280000,0x00000000d767f170,0x00000000d7680000)
  to   space 4096K, 0% used [0x00000000d6e80000,0x00000000d6e80000,0x00000000d7280000)
 ParOldGen       total 68608K, used 5452K [0x0000000080000000, 0x0000000084300000, 0x00000000d5580000)
  object space 68608K, 7% used [0x0000000080000000,0x00000000805533a0,0x0000000084300000)
 Metaspace       used 15962K, committed 16576K, reserved 1114112K
  class space    used 1656K, committed 1920K, reserved 1048576K
}

Dll operation events (9 events):
Event: 0.045 Loaded shared library c:\Users\user\.vscode\extensions\redhat.java-1.54.0-win32-x64\jre\21.0.10-win32-x86_64\bin\java.dll
Event: 0.225 Loaded shared library c:\Users\user\.vscode\extensions\redhat.java-1.54.0-win32-x64\jre\21.0.10-win32-x86_64\bin\zip.dll
Event: 0.271 Loaded shared library C:\Users\user\.vscode\extensions\redhat.java-1.54.0-win32-x64\jre\21.0.10-win32-x86_64\bin\instrument.dll
Event: 0.279 Loaded shared library C:\Users\user\.vscode\extensions\redhat.java-1.54.0-win32-x64\jre\21.0.10-win32-x86_64\bin\net.dll
Event: 0.284 Loaded shared library C:\Users\user\.vscode\extensions\redhat.java-1.54.0-win32-x64\jre\21.0.10-win32-x86_64\bin\nio.dll
Event: 0.295 Loaded shared library C:\Users\user\.vscode\extensions\redhat.java-1.54.0-win32-x64\jre\21.0.10-win32-x86_64\bin\zip.dll
Event: 0.336 Loaded shared library C:\Users\user\.vscode\extensions\redhat.java-1.54.0-win32-x64\jre\21.0.10-win32-x86_64\bin\jimage.dll
Event: 0.529 Loaded shared library c:\Users\user\.vscode\extensions\redhat.java-1.54.0-win32-x64\jre\21.0.10-win32-x86_64\bin\verify.dll
Event: 4.057 Loaded shared library C:\Users\user\AppData\Roaming\Code\User\globalStorage\redhat.java\1.54.0\config_ss_win\org.eclipse.equinox.launcher\org.eclipse.equinox.launcher.win32.win32.x86_64_1.3.0.v20260203-2149\eclipse_11919.dll

Deoptimization events (20 events):
Event: 7.413 Thread 0x0000022cfd7619e0 Uncommon trap: trap_request=0xffffffde fr.pc=0x0000022ceb5fa45c relative=0x000000000000013c
Event: 7.413 Thread 0x0000022cfd7619e0 Uncommon trap: reason=class_check action=maybe_recompile pc=0x0000022ceb5fa45c method=jdk.internal.misc.Unsafe.allocateUninitializedArray(Ljava/lang/Class;I)Ljava/lang/Object; @ 51 c2
Event: 7.413 Thread 0x0000022cfd7619e0 DEOPT PACKING pc=0x0000022ceb5fa45c sp=0x000000cb15df2900
Event: 7.413 Thread 0x0000022cfd7619e0 DEOPT UNPACKING pc=0x0000022ceaf93aa2 sp=0x000000cb15df2878 mode 2
Event: 7.414 Thread 0x0000022cfd7619e0 Uncommon trap: trap_request=0xffffffde fr.pc=0x0000022ceb5fa45c relative=0x000000000000013c
Event: 7.414 Thread 0x0000022cfd7619e0 Uncommon trap: reason=class_check action=maybe_recompile pc=0x0000022ceb5fa45c method=jdk.internal.misc.Unsafe.allocateUninitializedArray(Ljava/lang/Class;I)Ljava/lang/Object; @ 51 c2
Event: 7.414 Thread 0x0000022cfd7619e0 DEOPT PACKING pc=0x0000022ceb5fa45c sp=0x000000cb15df4920
Event: 7.414 Thread 0x0000022cfd7619e0 DEOPT UNPACKING pc=0x0000022ceaf93aa2 sp=0x000000cb15df4898 mode 2
Event: 7.718 Thread 0x0000022cfd7619e0 Uncommon trap: trap_request=0xffffff6e fr.pc=0x0000022ceb5fd93c relative=0x0000000000000a3c
Event: 7.718 Thread 0x0000022cfd7619e0 Uncommon trap: reason=loop_limit_check action=maybe_recompile pc=0x0000022ceb5fd93c method=java.util.regex.Pattern$StartS.match(Ljava/util/regex/Matcher;ILjava/lang/CharSequence;)Z @ 34 c2
Event: 7.718 Thread 0x0000022cfd7619e0 DEOPT PACKING pc=0x0000022ceb5fd93c sp=0x000000cb15df29a0
Event: 7.718 Thread 0x0000022cfd7619e0 DEOPT UNPACKING pc=0x0000022ceaf93aa2 sp=0x000000cb15df28f0 mode 2
Event: 7.781 Thread 0x0000022cfd7619e0 Uncommon trap: trap_request=0xffffff45 fr.pc=0x0000022ceb5ff404 relative=0x0000000000000164
Event: 7.781 Thread 0x0000022cfd7619e0 Uncommon trap: reason=unstable_if action=reinterpret pc=0x0000022ceb5ff404 method=org.lombokweb.asm.ByteVector.putByteArray([BII)Lorg/lombokweb/asm/ByteVector; @ 20 c2
Event: 7.781 Thread 0x0000022cfd7619e0 DEOPT PACKING pc=0x0000022ceb5ff404 sp=0x000000cb15deeca0
Event: 7.781 Thread 0x0000022cfd7619e0 DEOPT UNPACKING pc=0x0000022ceaf93aa2 sp=0x000000cb15deec70 mode 2
Event: 7.781 Thread 0x0000022cfd7619e0 Uncommon trap: trap_request=0xffffff45 fr.pc=0x0000022ceb5fe8d0 relative=0x0000000000000390
Event: 7.781 Thread 0x0000022cfd7619e0 Uncommon trap: reason=unstable_if action=reinterpret pc=0x0000022ceb5fe8d0 method=org.lombokweb.asm.Label.resolve([BLorg/lombokweb/asm/ByteVector;I)Z @ 81 c2
Event: 7.781 Thread 0x0000022cfd7619e0 DEOPT PACKING pc=0x0000022ceb5fe8d0 sp=0x000000cb15deed30
Event: 7.781 Thread 0x0000022cfd7619e0 DEOPT UNPACKING pc=0x0000022ceaf93aa2 sp=0x000000cb15deec38 mode 2

Classes loaded (20 events):
Event: 6.939 Loading class java/io/StringReader
Event: 6.939 Loading class java/io/StringReader done
Event: 6.951 Loading class java/util/zip/GZIPInputStream
Event: 6.952 Loading class java/util/zip/GZIPInputStream done
Event: 6.958 Loading class java/net/SocketTimeoutException
Event: 6.959 Loading class java/io/InterruptedIOException
Event: 6.959 Loading class java/io/InterruptedIOException done
Event: 6.959 Loading class java/net/SocketTimeoutException done
Event: 6.959 Loading class java/net/SocketException
Event: 6.959 Loading class java/net/SocketException done
Event: 6.960 Loading class java/net/UnknownHostException
Event: 6.960 Loading class java/net/UnknownHostException done
Event: 6.960 Loading class java/net/ProtocolException
Event: 6.960 Loading class java/net/ProtocolException done
Event: 7.017 Loading class java/lang/ThreadLocal$SuppliedThreadLocal
Event: 7.017 Loading class java/lang/ThreadLocal$SuppliedThreadLocal done
Event: 7.025 Loading class java/io/FileWriter
Event: 7.026 Loading class java/io/FileWriter done
Event: 7.312 Loading class java/lang/NegativeArraySizeException
Event: 7.312 Loading class java/lang/NegativeArraySizeException done

Classes unloaded (0 events):
No events

Classes redefined (0 events):
No events

Internal exceptions (20 events):
Event: 6.332 Thread 0x0000022cfd7619e0 Exception <a 'java/io/FileNotFoundException'{0x00000000d574cad0}> (0x00000000d574cad0) 
thrown [s\src\hotspot\share\prims\jni.cpp, line 520]
Event: 6.334 Thread 0x0000022cfd7619e0 Exception <a 'java/io/FileNotFoundException'{0x00000000d5754028}> (0x00000000d5754028) 
thrown [s\src\hotspot\share\prims\jni.cpp, line 520]
Event: 6.570 Thread 0x0000022cfd7619e0 Exception <a 'java/lang/NoSuchMethodError'{0x00000000d5ce8a20}: 'java.lang.Object java.lang.invoke.DirectMethodHandle$Holder.newInvokeSpecial(java.lang.Object, java.lang.Object, java.lang.Object, java.lang.Object, java.lang.Object)'> (0x00000000d5ce8a20) 
thrown [s\src\hotspot\share\interpreter\linkResolver.cpp, line 773]
Event: 6.615 Thread 0x0000022cfd7619e0 Exception <a 'java/lang/NoSuchMethodError'{0x00000000d5dc88f0}: 'java.lang.Object java.lang.invoke.DirectMethodHandle$Holder.invokeSpecial(java.lang.Object, java.lang.Object, java.lang.Object, long, java.lang.Object)'> (0x00000000d5dc88f0) 
thrown [s\src\hotspot\share\interpreter\linkResolver.cpp, line 773]
Event: 6.617 Thread 0x0000022cfd7619e0 Exception <a 'java/lang/NoSuchMethodError'{0x00000000d5dd0138}: 'java.lang.Object java.lang.invoke.DirectMethodHandle$Holder.newInvokeSpecial(java.lang.Object, java.lang.Object, java.lang.Object, long)'> (0x00000000d5dd0138) 
thrown [s\src\hotspot\share\interpreter\linkResolver.cpp, line 773]
Event: 6.618 Thread 0x0000022cfd7619e0 Exception <a 'java/lang/NoSuchMethodError'{0x00000000d5dd44e8}: 'java.lang.Object java.lang.invoke.DirectMethodHandle$Holder.invokeSpecial(java.lang.Object, java.lang.Object, java.lang.Object, java.lang.Object, long)'> (0x00000000d5dd44e8) 
thrown [s\src\hotspot\share\interpreter\linkResolver.cpp, line 773]
Event: 6.618 Thread 0x0000022cfd7619e0 Exception <a 'java/lang/NoSuchMethodError'{0x00000000d5dd8358}: 'java.lang.Object java.lang.invoke.Invokers$Holder.linkToTargetMethod(java.lang.Object, java.lang.Object, long, java.lang.Object)'> (0x00000000d5dd8358) 
thrown [s\src\hotspot\share\interpreter\linkResolver.cpp, line 773]
Event: 6.632 Thread 0x0000022cfd7619e0 Exception <a 'java/lang/NoSuchMethodError'{0x00000000d5e305a8}: 'int java.lang.invoke.DirectMethodHandle$Holder.invokeStaticInit(java.lang.Object, java.lang.Object, java.lang.Object)'> (0x00000000d5e305a8) 
thrown [s\src\hotspot\share\interpreter\linkResolver.cpp, line 773]
Event: 6.655 Thread 0x0000022cfd7619e0 Exception <a 'java/lang/IncompatibleClassChangeError'{0x00000000d5ecd478}: Found class java.lang.Object, but interface was expected> (0x00000000d5ecd478) 
thrown [s\src\hotspot\share\interpreter\linkResolver.cpp, line 840]
Event: 6.656 Thread 0x0000022cfd7619e0 Exception <a 'java/lang/NoSuchMethodError'{0x00000000d5ed1028}: 'java.lang.Object java.lang.invoke.DirectMethodHandle$Holder.invokeSpecial(java.lang.Object, java.lang.Object, java.lang.Object, int, java.lang.Object, java.lang.Object)'> (0x00000000d5ed1028) 
thrown [s\src\hotspot\share\interpreter\linkResolver.cpp, line 773]
Event: 6.658 Thread 0x0000022cfd7619e0 Exception <a 'java/lang/NoSuchMethodError'{0x00000000d5ed8b00}: 'java.lang.Object java.lang.invoke.DirectMethodHandle$Holder.newInvokeSpecial(java.lang.Object, java.lang.Object, java.lang.Object, int, java.lang.Object)'> (0x00000000d5ed8b00) 
thrown [s\src\hotspot\share\interpreter\linkResolver.cpp, line 773]
Event: 6.659 Thread 0x0000022cfd7619e0 Exception <a 'java/lang/NoSuchMethodError'{0x00000000d5edca80}: 'java.lang.Object java.lang.invoke.DirectMethodHandle$Holder.invokeSpecial(java.lang.Object, java.lang.Object, java.lang.Object, java.lang.Object, int, java.lang.Object)'> (0x00000000d5edca80) 
thrown [s\src\hotspot\share\interpreter\linkResolver.cpp, line 773]
Event: 6.660 Thread 0x0000022cfd7619e0 Exception <a 'java/lang/NoSuchMethodError'{0x00000000d5ee05c0}: 'java.lang.Object java.lang.invoke.Invokers$Holder.linkToTargetMethod(java.lang.Object, java.lang.Object, int, java.lang.Object, java.lang.Object)'> (0x00000000d5ee05c0) 
thrown [s\src\hotspot\share\interpreter\linkResolver.cpp, line 773]
Event: 6.685 Thread 0x0000022cfd4d5a80 Exception <a 'java/lang/NoSuchMethodError'{0x00000000d5fbc7e8}: 'java.lang.Object java.lang.invoke.DirectMethodHandle$Holder.invokeSpecial(java.lang.Object, java.lang.Object, int, java.lang.Object, java.lang.Object)'> (0x00000000d5fbc7e8) 
thrown [s\src\hotspot\share\interpreter\linkResolver.cpp, line 773]
Event: 6.688 Thread 0x0000022cfd4d5a80 Exception <a 'java/lang/NoSuchMethodError'{0x00000000d5fc3520}: 'java.lang.Object java.lang.invoke.DirectMethodHandle$Holder.newInvokeSpecial(java.lang.Object, java.lang.Object, int, java.lang.Object)'> (0x00000000d5fc3520) 
thrown [s\src\hotspot\share\interpreter\linkResolver.cpp, line 773]
Event: 6.695 Thread 0x0000022cfd4d5a80 Exception <a 'java/lang/NoSuchMethodError'{0x00000000d5fc6e00}: 'java.lang.Object java.lang.invoke.DirectMethodHandle$Holder.invokeSpecial(java.lang.Object, java.lang.Object, java.lang.Object, int, java.lang.Object)'> (0x00000000d5fc6e00) 
thrown [s\src\hotspot\share\interpreter\linkResolver.cpp, line 773]
Event: 6.715 Thread 0x0000022cfd7619e0 Exception <a 'java/lang/NoSuchMethodError'{0x00000000d6031818}: 'void java.lang.invoke.DirectMethodHandle$Holder.invokeSpecial(java.lang.Object, java.lang.Object, java.lang.Object, java.lang.Object, java.lang.Object)'> (0x00000000d6031818) 
thrown [s\src\hotspot\share\interpreter\linkResolver.cpp, line 773]
Event: 6.783 Thread 0x0000022cfd7619e0 Exception <a 'java/lang/NoSuchMethodError'{0x00000000d623b150}: 'double java.lang.invoke.DirectMethodHandle$Holder.invokeStatic(java.lang.Object, java.lang.Object)'> (0x00000000d623b150) 
thrown [s\src\hotspot\share\interpreter\linkResolver.cpp, line 773]
Event: 6.784 Thread 0x0000022cfd7619e0 Exception <a 'java/lang/NoSuchMethodError'{0x00000000d623e810}: 'double java.lang.invoke.DirectMethodHandle$Holder.invokeStaticInit(java.lang.Object, java.lang.Object)'> (0x00000000d623e810) 
thrown [s\src\hotspot\share\interpreter\linkResolver.cpp, line 773]
Event: 7.781 Thread 0x0000022cfd7619e0 Implicit null exception at 0x0000022ceb5ff2f5 to 0x0000022ceb5ff3e8

ZGC Phase Switch (0 events):
No events

VM Operations (20 events):
Event: 3.494 Executing non-safepoint VM operation: HandshakeAllThreads (Deoptimize)
Event: 3.494 Executing non-safepoint VM operation: HandshakeAllThreads (Deoptimize) done
Event: 4.133 Executing safepoint VM operation: ParallelGCFailedAllocation (Allocation Failure)
Event: 4.144 Executing safepoint VM operation: ParallelGCFailedAllocation (Allocation Failure) done
Event: 4.625 Executing non-safepoint VM operation: HandshakeAllThreads (Deoptimize)
Event: 4.626 Executing non-safepoint VM operation: HandshakeAllThreads (Deoptimize) done
Event: 5.638 Executing safepoint VM operation: Cleanup
Event: 5.654 Executing safepoint VM operation: Cleanup done
Event: 5.695 Executing non-safepoint VM operation: HandshakeAllThreads (Deoptimize)
Event: 5.695 Executing non-safepoint VM operation: HandshakeAllThreads (Deoptimize) done
Event: 6.142 Executing safepoint VM operation: ParallelGCFailedAllocation (Allocation Failure)
Event: 6.150 Executing safepoint VM operation: ParallelGCFailedAllocation (Allocation Failure) done
Event: 6.374 Executing non-safepoint VM operation: HandshakeAllThreads (Deoptimize)
Event: 6.374 Executing non-safepoint VM operation: HandshakeAllThreads (Deoptimize) done
Event: 6.386 Executing non-safepoint VM operation: HandshakeAllThreads (Deoptimize)
Event: 6.386 Executing non-safepoint VM operation: HandshakeAllThreads (Deoptimize) done
Event: 6.416 Executing non-safepoint VM operation: HandshakeAllThreads (Deoptimize)
Event: 6.416 Executing non-safepoint VM operation: HandshakeAllThreads (Deoptimize) done
Event: 7.237 Executing safepoint VM operation: ParallelGCFailedAllocation (Allocation Failure)
Event: 7.247 Executing safepoint VM operation: ParallelGCFailedAllocation (Allocation Failure) done

Memory protections (0 events):
No events

Nmethod flushes (0 events):
No events

Events (20 events):
Event: 1.926 Thread 0x0000022cf8d95760 Thread exited: 0x0000022cf8d95760
Event: 2.495 Thread 0x0000022cf8b79d20 Thread added: 0x0000022cfd77f1e0
Event: 2.500 Thread 0x0000022cf8b79d20 Thread added: 0x0000022cfd006950
Event: 3.167 Thread 0x0000022cfd006950 Thread exited: 0x0000022cfd006950
Event: 3.168 Thread 0x0000022cfd77f1e0 Thread exited: 0x0000022cfd77f1e0
Event: 3.322 Thread 0x0000022ce080ce00 Thread added: 0x0000022cfd2e1030
Event: 3.991 Thread 0x0000022cf8b79d20 Thread added: 0x0000022cfd76be20
Event: 3.996 Thread 0x0000022ce080ce00 Thread added: 0x0000022cfd76c4d0
Event: 4.033 Thread 0x0000022ce080ce00 Thread added: 0x0000022cfd7619e0
Event: 4.119 Thread 0x0000022cfd76be20 Thread exited: 0x0000022cfd76be20
Event: 4.586 Thread 0x0000022cfd7619e0 Thread added: 0x0000022cfd7086a0
Event: 4.923 Thread 0x0000022cf8b79d20 Thread added: 0x0000022cfd8596e0
Event: 4.923 Thread 0x0000022cf8b79d20 Thread added: 0x0000022cfd73ccc0
Event: 5.596 Thread 0x0000022cfd73ccc0 Thread exited: 0x0000022cfd73ccc0
Event: 5.597 Thread 0x0000022cfd8596e0 Thread exited: 0x0000022cfd8596e0
Event: 5.811 Thread 0x0000022cfd7619e0 Thread added: 0x0000022cfd8d6080
Event: 6.437 Thread 0x0000022cf8b79d20 Thread added: 0x0000022cfdb08340
Event: 6.624 Thread 0x0000022cfd7619e0 Thread added: 0x0000022cfd4d5a80
Event: 6.699 Thread 0x0000022cfd4d5a80 Thread added: 0x0000022cf8be2930
Event: 7.403 Thread 0x0000022cfdb08340 Thread exited: 0x0000022cfdb08340


Dynamic libraries:
0x00007ff62feb0000 - 0x00007ff62febe000 	c:\Users\user\.vscode\extensions\redhat.java-1.54.0-win32-x64\jre\21.0.10-win32-x86_64\bin\java.exe
0x00007ffa7b770000 - 0x00007ffa7b988000 	C:\Windows\SYSTEM32\ntdll.dll
0x00007ffa79a80000 - 0x00007ffa79b44000 	C:\Windows\System32\KERNEL32.DLL
0x00007ffa79030000 - 0x00007ffa79403000 	C:\Windows\System32\KERNELBASE.dll
0x00007ffa78eb0000 - 0x00007ffa78fc1000 	C:\Windows\System32\ucrtbase.dll
0x00007ffa33230000 - 0x00007ffa33248000 	c:\Users\user\.vscode\extensions\redhat.java-1.54.0-win32-x64\jre\21.0.10-win32-x86_64\bin\jli.dll
0x00007ffa79c00000 - 0x00007ffa79db2000 	C:\Windows\System32\USER32.dll
0x00007ffa79000000 - 0x00007ffa79026000 	C:\Windows\System32\win32u.dll
0x00007ffa79dc0000 - 0x00007ffa79de9000 	C:\Windows\System32\GDI32.dll
0x00007ffa78b60000 - 0x00007ffa78c7b000 	C:\Windows\System32\gdi32full.dll
0x00007ffa2a840000 - 0x00007ffa2a85e000 	c:\Users\user\.vscode\extensions\redhat.java-1.54.0-win32-x64\jre\21.0.10-win32-x86_64\bin\VCRUNTIME140.dll
0x00007ffa78ac0000 - 0x00007ffa78b5a000 	C:\Windows\System32\msvcp_win.dll
0x00007ffa613a0000 - 0x00007ffa6163c000 	C:\Windows\WinSxS\amd64_microsoft.windows.common-controls_6595b64144ccf1df_6.0.22621.6060_none_2712eda17382d24b\COMCTL32.dll
0x00007ffa79b50000 - 0x00007ffa79bf7000 	C:\Windows\System32\msvcrt.dll
0x00007ffa7b2d0000 - 0x00007ffa7b301000 	C:\Windows\System32\IMM32.DLL
0x00007ffa58220000 - 0x00007ffa5822c000 	c:\Users\user\.vscode\extensions\redhat.java-1.54.0-win32-x64\jre\21.0.10-win32-x86_64\bin\vcruntime140_1.dll
0x00007ffa21aa0000 - 0x00007ffa21b2d000 	c:\Users\user\.vscode\extensions\redhat.java-1.54.0-win32-x64\jre\21.0.10-win32-x86_64\bin\msvcp140.dll
0x00007ff9dd830000 - 0x00007ff9de5d1000 	c:\Users\user\.vscode\extensions\redhat.java-1.54.0-win32-x64\jre\21.0.10-win32-x86_64\bin\server\jvm.dll
0x00007ffa7b200000 - 0x00007ffa7b2b1000 	C:\Windows\System32\ADVAPI32.dll
0x00007ffa7a500000 - 0x00007ffa7a5a8000 	C:\Windows\System32\sechost.dll
0x00007ffa78fd0000 - 0x00007ffa78ff8000 	C:\Windows\System32\bcrypt.dll
0x00007ffa7a670000 - 0x00007ffa7a788000 	C:\Windows\System32\RPCRT4.dll
0x00007ffa7b310000 - 0x00007ffa7b381000 	C:\Windows\System32\WS2_32.dll
0x00007ffa77690000 - 0x00007ffa776dd000 	C:\Windows\SYSTEM32\POWRPROF.dll
0x00007ffa732a0000 - 0x00007ffa732d4000 	C:\Windows\SYSTEM32\WINMM.dll
0x00007ffa76210000 - 0x00007ffa7621a000 	C:\Windows\SYSTEM32\VERSION.dll
0x00007ffa77670000 - 0x00007ffa77683000 	C:\Windows\SYSTEM32\UMPDC.dll
0x00007ffa77910000 - 0x00007ffa77928000 	C:\Windows\SYSTEM32\kernel.appcore.dll
0x00007ffa4f300000 - 0x00007ffa4f30a000 	c:\Users\user\.vscode\extensions\redhat.java-1.54.0-win32-x64\jre\21.0.10-win32-x86_64\bin\jimage.dll
0x00007ffa75df0000 - 0x00007ffa76023000 	C:\Windows\SYSTEM32\DBGHELP.DLL
0x00007ffa7b390000 - 0x00007ffa7b721000 	C:\Windows\System32\combase.dll
0x00007ffa799a0000 - 0x00007ffa79a78000 	C:\Windows\System32\OLEAUT32.dll
0x00007ffa66ae0000 - 0x00007ffa66b12000 	C:\Windows\SYSTEM32\dbgcore.DLL
0x00007ffa78880000 - 0x00007ffa788fb000 	C:\Windows\System32\bcryptPrimitives.dll
0x00007ffa45860000 - 0x00007ffa4586f000 	c:\Users\user\.vscode\extensions\redhat.java-1.54.0-win32-x64\jre\21.0.10-win32-x86_64\bin\instrument.dll
0x00007ffa21a80000 - 0x00007ffa21aa0000 	c:\Users\user\.vscode\extensions\redhat.java-1.54.0-win32-x64\jre\21.0.10-win32-x86_64\bin\java.dll
0x00007ffa7a7a0000 - 0x00007ffa7b03c000 	C:\Windows\System32\SHELL32.dll
0x00007ffa78980000 - 0x00007ffa78abf000 	C:\Windows\System32\wintypes.dll
0x00007ffa76740000 - 0x00007ffa7705a000 	C:\Windows\SYSTEM32\windows.storage.dll
0x00007ffa7a240000 - 0x00007ffa7a344000 	C:\Windows\System32\SHCORE.dll
0x00007ffa7a110000 - 0x00007ffa7a179000 	C:\Windows\System32\shlwapi.dll
0x00007ffa787b0000 - 0x00007ffa787d5000 	C:\Windows\SYSTEM32\profapi.dll
0x00007ffa21660000 - 0x00007ffa21678000 	c:\Users\user\.vscode\extensions\redhat.java-1.54.0-win32-x64\jre\21.0.10-win32-x86_64\bin\zip.dll
0x00007ffa4b6d0000 - 0x00007ffa4b6e0000 	C:\Users\user\.vscode\extensions\redhat.java-1.54.0-win32-x64\jre\21.0.10-win32-x86_64\bin\net.dll
0x00007ffa755e0000 - 0x00007ffa7570c000 	C:\Windows\SYSTEM32\WINHTTP.dll
0x00007ffa77dd0000 - 0x00007ffa77e39000 	C:\Windows\system32\mswsock.dll
0x00007ffa21640000 - 0x00007ffa21656000 	C:\Users\user\.vscode\extensions\redhat.java-1.54.0-win32-x64\jre\21.0.10-win32-x86_64\bin\nio.dll
0x00007ffa456d0000 - 0x00007ffa456e0000 	c:\Users\user\.vscode\extensions\redhat.java-1.54.0-win32-x64\jre\21.0.10-win32-x86_64\bin\verify.dll
0x00007ffa215f0000 - 0x00007ffa21635000 	C:\Users\user\AppData\Roaming\Code\User\globalStorage\redhat.java\1.54.0\config_ss_win\org.eclipse.equinox.launcher\org.eclipse.equinox.launcher.win32.win32.x86_64_1.3.0.v20260203-2149\eclipse_11919.dll
0x00007ffa7a350000 - 0x00007ffa7a4f1000 	C:\Windows\System32\ole32.dll

JVMTI agents:
c:\Users\user\.vscode\extensions\redhat.java-1.54.0-win32-x64\lombok\lombok-1.18.39-4050.jar path:c:\Users\user\.vscode\extensions\redhat.java-1.54.0-win32-x64\jre\21.0.10-win32-x86_64\bin\instrument.dll, loaded, initialized, instrumentlib options:none

dbghelp: loaded successfully - version: 4.0.5 - missing functions: none
symbol engine: initialized successfully - sym options: 0x614 - pdb path: .;c:\Users\user\.vscode\extensions\redhat.java-1.54.0-win32-x64\jre\21.0.10-win32-x86_64\bin;C:\Windows\SYSTEM32;C:\Windows\WinSxS\amd64_microsoft.windows.common-controls_6595b64144ccf1df_6.0.22621.6060_none_2712eda17382d24b;c:\Users\user\.vscode\extensions\redhat.java-1.54.0-win32-x64\jre\21.0.10-win32-x86_64\bin\server;C:\Users\user\AppData\Roaming\Code\User\globalStorage\redhat.java\1.54.0\config_ss_win\org.eclipse.equinox.launcher\org.eclipse.equinox.launcher.win32.win32.x86_64_1.3.0.v20260203-2149

VM Arguments:
jvm_args: --add-modules=ALL-SYSTEM --add-opens=java.base/java.util=ALL-UNNAMED --add-opens=java.base/java.lang=ALL-UNNAMED --add-opens=java.base/sun.nio.fs=ALL-UNNAMED -Declipse.application=org.eclipse.jdt.ls.core.id1 -Dosgi.bundles.defaultStartLevel=4 -Declipse.product=org.eclipse.jdt.ls.core.product -Djava.import.generatesMetadataFilesAtProjectRoot=false -DDetectVMInstallationsJob.disabled=true -Dfile.encoding=utf8 -XX:+UseParallelGC -XX:GCTimeRatio=4 -XX:AdaptiveSizePolicyWeight=90 -Dsun.zip.disableMemoryMapping=true -Xmx2G -Xms100m -Xlog:disable -javaagent:c:\Users\user\.vscode\extensions\redhat.java-1.54.0-win32-x64\lombok\lombok-1.18.39-4050.jar 
java_command: c:\Users\user\.vscode\extensions\redhat.java-1.54.0-win32-x64\server\plugins\org.eclipse.equinox.launcher_1.7.100.v20251111-0406.jar -configuration c:\Users\user\AppData\Roaming\Code\User\globalStorage\redhat.java\1.54.0\config_ss_win -data c:\Users\user\AppData\Roaming\Code\User\workspaceStorage\d87f7befde66361a7ef60e5468aa4079\redhat.java\ss_ws --pipe=\\.\pipe\lsp-83e6520242b75425bae5911b498c8276-sock
java_class_path (initial): c:\Users\user\.vscode\extensions\redhat.java-1.54.0-win32-x64\server\plugins\org.eclipse.equinox.launcher_1.7.100.v20251111-0406.jar
Launcher Type: SUN_STANDARD

[Global flags]
    uintx AdaptiveSizePolicyWeight                 = 90                                        {product} {command line}
     intx CICompilerCount                          = 4                                         {product} {ergonomic}
    uintx GCTimeRatio                              = 4                                         {product} {command line}
   size_t InitialHeapSize                          = 104857600                                 {product} {command line}
   size_t MaxHeapSize                              = 2147483648                                {product} {command line}
   size_t MaxNewSize                               = 715653120                                 {product} {ergonomic}
   size_t MinHeapDeltaBytes                        = 524288                                    {product} {ergonomic}
   size_t MinHeapSize                              = 104857600                                 {product} {command line}
   size_t NewSize                                  = 34603008                                  {product} {ergonomic}
    uintx NonNMethodCodeHeapSize                   = 5839372                                {pd product} {ergonomic}
    uintx NonProfiledCodeHeapSize                  = 122909434                              {pd product} {ergonomic}
   size_t OldSize                                  = 70254592                                  {product} {ergonomic}
    uintx ProfiledCodeHeapSize                     = 122909434                              {pd product} {ergonomic}
    uintx ReservedCodeCacheSize                    = 251658240                              {pd product} {ergonomic}
     bool SegmentedCodeCache                       = true                                      {product} {ergonomic}
   size_t SoftMaxHeapSize                          = 2147483648                             {manageable} {ergonomic}
     bool UseCompressedOops                        = true                           {product lp64_product} {ergonomic}
     bool UseLargePagesIndividualAllocation        = false                                  {pd product} {ergonomic}
     bool UseParallelGC                            = true                                      {product} {command line}

Logging:
Log output configuration:
 #0: stdout all=off uptime,level,tags foldmultilines=false
 #1: stderr all=off uptime,level,tags foldmultilines=false

Release file:
JAVA_VERSION="21.0.10" 
MODULES="java.base java.compiler java.datatransfer java.xml java.prefs java.desktop java.instrument java.logging java.management java.security.sasl java.naming java.rmi java.management.rmi java.net.http java.scripting java.security.jgss java.transaction.xa java.sql java.sql.rowset java.xml.crypto java.se java.smartcardio jdk.accessibility jdk.internal.jvmstat jdk.attach jdk.charsets jdk.internal.opt jdk.zipfs jdk.compiler jdk.crypto.ec jdk.crypto.cryptoki jdk.crypto.mscapi jdk.dynalink jdk.internal.ed jdk.editpad jdk.hotspot.agent jdk.httpserver jdk.internal.le jdk.internal.vm.ci jdk.internal.vm.compiler jdk.internal.vm.compiler.management jdk.jartool jdk.javadoc jdk.jcmd jdk.management jdk.management.agent jdk.jconsole jdk.jdeps jdk.jdwp.agent jdk.jdi jdk.jfr jdk.jshell jdk.jsobject jdk.jstatd jdk.localedata jdk.management.jfr jdk.naming.dns jdk.naming.rmi jdk.net jdk.nio.mapmode jdk.random jdk.sctp jdk.security.auth jdk.security.jgss jdk.unsupported jdk.unsupported.desktop jdk.xml.dom" 

Environment Variables:
JAVA_HOME=C:\Program Files\Java\jdk-22
PATH=C:\Users\user\AppData\Local\Programs\Microsoft VS Code;C:\Program Files (x86)\Common Files\Oracle\Java\java8path;C:\Program Files (x86)\Common Files\Oracle\Java\javapath;C:\Python312\Scripts\;C:\Python312\;C:\Windows\system32;C:\Windows;C:\Windows\System32\Wbem;C:\Windows\System32\WindowsPowerShell\v1.0\;C:\Windows\System32\OpenSSH\;C:\Program Files\Intel\WiFi\bin\;C:\Program Files\Common Files\Intel\WirelessCommon\;C:\Program Files\Java\jdk-22\bin;C:\ProgramData\chocolatey\bin;C:\Users\user\AppData\Roaming\Python\Python312\Scripts;C:\Users\user\AppData\Roaming\nvm;C:\nvm4w\nodejs;C:\Users\user\Downloads\apache-maven-3.9.9-bin\apache-maven-3.9.9\bin;%JAVA_HOME%\bin;C:\Program Files\dotnet\;C:\Program Files\Git\cmd;C:\Users\user\AppData\Local\Android\Sdk\cmdline-tools\latest\bin;C:\Program Files\PostgreSQL\17\bin;C:\Users\user\AppData\Local\Programs\Eclipse Adoptium\jdk-25.0.2.10-hotspot\bin;C:\Users\user\AppData\Local\Microsoft\WindowsApps;C:\Users\user\AppData\Local\Programs\Microsoft VS Code\bin;C:\Users\user\AppData\Local\GitHubDesktop\bin;C:\Users\user\AppData\Roaming\npm;C:\flutter\bin;C:\Flutter\flutter\bin;C:\Users\user\Flutter\flutter\bin;C:\Users\user\AppData\Roaming\nvm;C:\nvm4w\nodejs;C:\Users\user\AppData\Roaming\nvm;C:\Program Files\Java\jdk-22\bin;
USERNAME=user
OS=Windows_NT
PROCESSOR_IDENTIFIER=Intel64 Family 6 Model 142 Stepping 10, GenuineIntel
TMP=C:\Users\user\AppData\Local\Temp
TEMP=C:\Users\user\AppData\Local\Temp




Periodic native trim disabled

---------------  S Y S T E M  ---------------

OS:
 Windows 11 , 64 bit Build 22621 (10.0.22621.5415)
OS uptime: 0 days 17:23 hours
Hyper-V role detected

CPU: total 8 (initial active 8) (4 cores per cpu, 2 threads per core) family 6 model 142 stepping 10 microcode 0xf6, cx8, cmov, fxsr, ht, mmx, 3dnowpref, sse, sse2, sse3, ssse3, sse4.1, sse4.2, popcnt, lzcnt, tsc, tscinvbit, avx, avx2, aes, erms, clmul, bmi1, bmi2, rtm, adx, fma, vzeroupper, clflush, clflushopt, hv, rdtscp, f16c
Processor Information for the first 8 processors :
  Max Mhz: 1896, Current Mhz: 1696, Mhz Limit: 1687

Memory: 4k page, system-wide physical 8030M (891M free)
TotalPageFile size 13573M (AvailPageFile size 26M)
current process WorkingSet (physical memory assigned to process): 120M, peak: 120M
current process commit charge ("private bytes"): 261M, peak: 261M

vm_info: OpenJDK 64-Bit Server VM (21.0.10+7-LTS) for windows-amd64 JRE (21.0.10+7-LTS), built on 2026-01-20T00:00:00Z by "admin" with MS VC++ 17.12 (VS2022)

END.
